
[run_nsga2] Starting NSGA-2 optimisation
  train: ../datav1/valid_wv3.h5
  test:  ../datav1/test_wv3_OrigScale_multiExm1.h5
  epochs=5  pop_size=10  n_gen=10

============================================================
[NSGA-2] Evaluating 10 individual(s)
============================================================

[Individual 1/10]
  pan_ch=40 (raw=40)  ms_ch=60 (raw=61)  head_ch=5  dropout=0.285  lr=3.81e-04

[train_and_evaluate] Params: {'pan_target_channel': 40, 'ms_target_channel': 60, 'head_channel':
  Device: cuda
  Loading data (train+val split from train_path)...
  [load_dataset] ../datav1/valid_wv3.h5
    pan: (1080, 1, 64, 64)  ms: (1080, 8, 16, 16)  lms: (1080, 8, 64, 64)  gt: (1080, 8, 64, 64)
  Split: 864 train  /  216 val  (total 1080)
  Model parameters: 1,674,978
  Training: 5 epochs, 108 batches/epoch
  Epoch [1/5]  avg_loss=0.048166
  Epoch [2/5]  avg_loss=0.029717
  Epoch [3/5]  avg_loss=0.023704
  Epoch [4/5]  avg_loss=0.021215
  Epoch [5/5]  avg_loss=0.019369
  Evaluating on val split: 27 batches
  Metrics: SAM=0.1127  ERGAS=5.1650  CC=0.9559  SSIM=0.9340  SF=0.0855  SD=0.0060  n_params=1,674
  -> objectives: SAM=0.1127  ERGAS=5.1650  CC=0.9559  SSIM=0.9340  n_params=1,674,978

[Individual 2/10]
  pan_ch=32 (raw=36)  ms_ch=48 (raw=55)  head_ch=8  dropout=0.169  lr=1.25e-04

[train_and_evaluate] Params: {'pan_target_channel': 32, 'ms_target_channel': 48, 'head_channel':
  Device: cuda
  Loading data (train+val split from train_path)...
  [load_dataset] ../datav1/valid_wv3.h5
    pan: (1080, 1, 64, 64)  ms: (1080, 8, 16, 16)  lms: (1080, 8, 64, 64)  gt: (1080, 8, 64, 64)
  Split: 864 train  /  216 val  (total 1080)
  Model parameters: 1,082,550
  Training: 5 epochs, 108 batches/epoch
  Epoch [1/5]  avg_loss=0.059463
  Epoch [2/5]  avg_loss=0.038874
  Epoch [3/5]  avg_loss=0.032849
  Epoch [4/5]  avg_loss=0.028492
  Epoch [5/5]  avg_loss=0.025890
  Evaluating on val split: 27 batches
  Metrics: SAM=0.1405  ERGAS=6.5632  CC=0.9300  SSIM=0.8648  SF=0.0906  SD=0.0049  n_params=1,082
  -> objectives: SAM=0.1405  ERGAS=6.5632  CC=0.9300  SSIM=0.8648  n_params=1,082,550

[Individual 3/10]
  pan_ch=49 (raw=52)  ms_ch=35 (raw=41)  head_ch=7  dropout=0.239  lr=3.73e-04

[train_and_evaluate] Params: {'pan_target_channel': 49, 'ms_target_channel': 35, 'head_channel':
  Device: cuda
  Loading data (train+val split from train_path)...
  [load_dataset] ../datav1/valid_wv3.h5
    pan: (1080, 1, 64, 64)  ms: (1080, 8, 16, 16)  lms: (1080, 8, 64, 64)  gt: (1080, 8, 64, 64)
  Split: 864 train  /  216 val  (total 1080)
  Model parameters: 688,510
  Training: 5 epochs, 108 batches/epoch
  Epoch [1/5]  avg_loss=0.047561
  Epoch [2/5]  avg_loss=0.028050
  Epoch [3/5]  avg_loss=0.023494
  Epoch [4/5]  avg_loss=0.021152
  Epoch [5/5]  avg_loss=0.019757
  Evaluating on val split: 27 batches
  Metrics: SAM=0.1143  ERGAS=5.0509  CC=0.9576  SSIM=0.9347  SF=0.0866  SD=0.0071  n_params=688,5
  -> objectives: SAM=0.1143  ERGAS=5.0509  CC=0.9576  SSIM=0.9347  n_params=688,510

[Individual 4/10]
  pan_ch=32 (raw=37)  ms_ch=16 (raw=22)  head_ch=8  dropout=0.069  lr=3.36e-04

[train_and_evaluate] Params: {'pan_target_channel': 32, 'ms_target_channel': 16, 'head_channel':
  Device: cuda
  Loading data (train+val split from train_path)...
  [load_dataset] ../datav1/valid_wv3.h5
    pan: (1080, 1, 64, 64)  ms: (1080, 8, 16, 16)  lms: (1080, 8, 64, 64)  gt: (1080, 8, 64, 64)
  Split: 864 train  /  216 val  (total 1080)
  Model parameters: 187,734
  Training: 5 epochs, 108 batches/epoch
  Epoch [1/5]  avg_loss=0.052591
  Epoch [2/5]  avg_loss=0.032971
  Epoch [3/5]  avg_loss=0.025917
  Epoch [4/5]  avg_loss=0.023256
  Epoch [5/5]  avg_loss=0.021597
  Evaluating on val split: 27 batches
  Metrics: SAM=0.1219  ERGAS=5.6161  CC=0.9473  SSIM=0.9244  SF=0.0885  SD=0.0065  n_params=187,7
  -> objectives: SAM=0.1219  ERGAS=5.6161  CC=0.9473  SSIM=0.9244  n_params=187,734

[Individual 5/10]
  pan_ch=45 (raw=52)  ms_ch=27 (raw=29)  head_ch=9  dropout=0.294  lr=9.65e-04

[train_and_evaluate] Params: {'pan_target_channel': 45, 'ms_target_channel': 27, 'head_channel':
  Device: cuda
  Loading data (train+val split from train_path)...
  [load_dataset] ../datav1/valid_wv3.h5
    pan: (1080, 1, 64, 64)  ms: (1080, 8, 16, 16)  lms: (1080, 8, 64, 64)  gt: (1080, 8, 64, 64)
  Split: 864 train  /  216 val  (total 1080)
  Model parameters: 450,858
  Training: 5 epochs, 108 batches/epoch
  Epoch [1/5]  avg_loss=0.043034
  Epoch [2/5]  avg_loss=0.023852
  Epoch [3/5]  avg_loss=0.020293
  Epoch [4/5]  avg_loss=0.018113
  Epoch [5/5]  avg_loss=0.016829
  Evaluating on val split: 27 batches
  Metrics: SAM=0.0999  ERGAS=4.3081  CC=0.9671  SSIM=0.9585  SF=0.0883  SD=0.0029  n_params=450,8
  -> objectives: SAM=0.0999  ERGAS=4.3081  CC=0.9671  SSIM=0.9585  n_params=450,858

[Individual 6/10]
  pan_ch=49 (raw=50)  ms_ch=35 (raw=41)  head_ch=7  dropout=0.057  lr=9.73e-04

[train_and_evaluate] Params: {'pan_target_channel': 49, 'ms_target_channel': 35, 'head_channel':
  Device: cuda
  Loading data (train+val split from train_path)...
  [load_dataset] ../datav1/valid_wv3.h5
    pan: (1080, 1, 64, 64)  ms: (1080, 8, 16, 16)  lms: (1080, 8, 64, 64)  gt: (1080, 8, 64, 64)
  Split: 864 train  /  216 val  (total 1080)
  Model parameters: 688,510
  Training: 5 epochs, 108 batches/epoch
  Epoch [1/5]  avg_loss=0.039573
  Epoch [2/5]  avg_loss=0.021937
  Epoch [3/5]  avg_loss=0.018840
  Epoch [4/5]  avg_loss=0.017359
  Epoch [5/5]  avg_loss=0.016135
  Evaluating on val split: 27 batches
  Metrics: SAM=0.0979  ERGAS=4.1415  CC=0.9701  SSIM=0.9593  SF=0.0923  SD=0.0023  n_params=688,5
  -> objectives: SAM=0.0979  ERGAS=4.1415  CC=0.9701  SSIM=0.9593  n_params=688,510

[Individual 7/10]
  pan_ch=33 (raw=40)  ms_ch=11 (raw=21)  head_ch=11  dropout=0.235  lr=6.52e-04

[train_and_evaluate] Params: {'pan_target_channel': 33, 'ms_target_channel': 11, 'head_channel':
  Device: cuda
  Loading data (train+val split from train_path)...
  [load_dataset] ../datav1/valid_wv3.h5
    pan: (1080, 1, 64, 64)  ms: (1080, 8, 16, 16)  lms: (1080, 8, 64, 64)  gt: (1080, 8, 64, 64)
  Split: 864 train  /  216 val  (total 1080)
  Model parameters: 128,998
  Training: 5 epochs, 108 batches/epoch
  Epoch [1/5]  avg_loss=0.044046
  Epoch [2/5]  avg_loss=0.025055
  Epoch [3/5]  avg_loss=0.021720
  Epoch [4/5]  avg_loss=0.020078
  Epoch [5/5]  avg_loss=0.019030
  Evaluating on val split: 27 batches
  Metrics: SAM=0.1103  ERGAS=5.0827  CC=0.9569  SSIM=0.9460  SF=0.0883  SD=0.0051  n_params=128,9
  -> objectives: SAM=0.1103  ERGAS=5.0827  CC=0.9569  SSIM=0.9460  n_params=128,998

[Individual 8/10]
  pan_ch=60 (raw=60)  ms_ch=10 (raw=17)  head_ch=10  dropout=0.143  lr=1.56e-04

[train_and_evaluate] Params: {'pan_target_channel': 60, 'ms_target_channel': 10, 'head_channel':
  Device: cuda
  Loading data (train+val split from train_path)...
  [load_dataset] ../datav1/valid_wv3.h5
    pan: (1080, 1, 64, 64)  ms: (1080, 8, 16, 16)  lms: (1080, 8, 64, 64)  gt: (1080, 8, 64, 64)
  Split: 864 train  /  216 val  (total 1080)
  Model parameters: 255,618
  Training: 5 epochs, 108 batches/epoch
  Epoch [1/5]  avg_loss=0.061797
  Epoch [2/5]  avg_loss=0.041301
  Epoch [3/5]  avg_loss=0.034086
  Epoch [4/5]  avg_loss=0.028741
  Epoch [5/5]  avg_loss=0.026015
  Evaluating on val split: 27 batches
  Metrics: SAM=0.1483  ERGAS=6.5099  CC=0.9305  SSIM=0.8655  SF=0.0928  SD=0.0073  n_params=255,6
  -> objectives: SAM=0.1483  ERGAS=6.5099  CC=0.9305  SSIM=0.8655  n_params=255,618

[Individual 9/10]
  pan_ch=44 (raw=46)  ms_ch=55 (raw=56)  head_ch=11  dropout=0.085  lr=8.56e-04

[train_and_evaluate] Params: {'pan_target_channel': 44, 'ms_target_channel': 55, 'head_channel':
  Device: cuda
  Loading data (train+val split from train_path)...
  [load_dataset] ../datav1/valid_wv3.h5
    pan: (1080, 1, 64, 64)  ms: (1080, 8, 16, 16)  lms: (1080, 8, 64, 64)  gt: (1080, 8, 64, 64)
  Split: 864 train  /  216 val  (total 1080)
  Model parameters: 1,441,980
  Training: 5 epochs, 108 batches/epoch
  Epoch [1/5]  avg_loss=0.040369
  Epoch [2/5]  avg_loss=0.022642
  Epoch [3/5]  avg_loss=0.019060
  Epoch [4/5]  avg_loss=0.016919
  Epoch [5/5]  avg_loss=0.015880
  Evaluating on val split: 27 batches
  Metrics: SAM=0.0977  ERGAS=4.1359  CC=0.9711  SSIM=0.9578  SF=0.0899  SD=0.0036  n_params=1,441
  -> objectives: SAM=0.0977  ERGAS=4.1359  CC=0.9711  SSIM=0.9578  n_params=1,441,980

[Individual 10/10]
  pan_ch=39 (raw=40)  ms_ch=39 (raw=40)  head_ch=13  dropout=0.053  lr=8.38e-04

[train_and_evaluate] Params: {'pan_target_channel': 39, 'ms_target_channel': 39, 'head_channel':
  Device: cuda
  Loading data (train+val split from train_path)...
  [load_dataset] ../datav1/valid_wv3.h5
    pan: (1080, 1, 64, 64)  ms: (1080, 8, 16, 16)  lms: (1080, 8, 64, 64)  gt: (1080, 8, 64, 64)
  Split: 864 train  /  216 val  (total 1080)
  Model parameters: 768,336
  Training: 5 epochs, 108 batches/epoch
  Epoch [1/5]  avg_loss=0.040875
  Epoch [2/5]  avg_loss=0.023357
  Epoch [3/5]  avg_loss=0.019786
  Epoch [4/5]  avg_loss=0.017803
  Epoch [5/5]  avg_loss=0.016877
  Evaluating on val split: 27 batches
  Metrics: SAM=0.0989  ERGAS=4.3016  CC=0.9675  SSIM=0.9552  SF=0.0885  SD=0.0039  n_params=768,3
  -> objectives: SAM=0.0989  ERGAS=4.3016  CC=0.9675  SSIM=0.9552  n_params=768,336
==========================================================
n_gen  |  n_eval  | n_nds  |      eps      |   indicator
==========================================================
     1 |       10 |      6 |             - |             -

============================================================
[NSGA-2] Evaluating 10 individual(s)
============================================================

[Individual 1/10]
  pan_ch=49 (raw=50)  ms_ch=28 (raw=29)  head_ch=7  dropout=0.057  lr=9.73e-04

[train_and_evaluate] Params: {'pan_target_channel': 49, 'ms_target_channel': 28, 'head_channel':
  Device: cuda
  Loading data (train+val split from train_path)...
  [load_dataset] ../datav1/valid_wv3.h5
    pan: (1080, 1, 64, 64)  ms: (1080, 8, 16, 16)  lms: (1080, 8, 64, 64)  gt: (1080, 8, 64, 64)
  Split: 864 train  /  216 val  (total 1080)
  Model parameters: 497,725
  Training: 5 epochs, 108 batches/epoch
  Epoch [1/5]  avg_loss=0.039851
  Epoch [2/5]  avg_loss=0.022648
  Epoch [3/5]  avg_loss=0.019001
  Epoch [4/5]  avg_loss=0.017279
  Epoch [5/5]  avg_loss=0.016259
  Evaluating on val split: 27 batches
  Metrics: SAM=0.0970  ERGAS=4.2274  CC=0.9682  SSIM=0.9604  SF=0.0899  SD=0.0023  n_params=497,7
  -> objectives: SAM=0.0970  ERGAS=4.2274  CC=0.9682  SSIM=0.9604  n_params=497,725

[Individual 2/10]
  pan_ch=56 (raw=60)  ms_ch=16 (raw=17)  head_ch=8  dropout=0.143  lr=1.56e-04

[train_and_evaluate] Params: {'pan_target_channel': 56, 'ms_target_channel': 16, 'head_channel':
  Device: cuda
  Loading data (train+val split from train_path)...
  [load_dataset] ../datav1/valid_wv3.h5
    pan: (1080, 1, 64, 64)  ms: (1080, 8, 16, 16)  lms: (1080, 8, 64, 64)  gt: (1080, 8, 64, 64)
  Split: 864 train  /  216 val  (total 1080)
  Model parameters: 302,598
  Training: 5 epochs, 108 batches/epoch
  Epoch [1/5]  avg_loss=0.058757
  Epoch [2/5]  avg_loss=0.039161
  Epoch [3/5]  avg_loss=0.031971
  Epoch [4/5]  avg_loss=0.027652
  Epoch [5/5]  avg_loss=0.025339
  Evaluating on val split: 27 batches
  Metrics: SAM=0.1399  ERGAS=6.3826  CC=0.9332  SSIM=0.8717  SF=0.0921  SD=0.0059  n_params=302,5
  -> objectives: SAM=0.1399  ERGAS=6.3826  CC=0.9332  SSIM=0.8717  n_params=302,598

[Individual 3/10]
  pan_ch=33 (raw=40)  ms_ch=33 (raw=41)  head_ch=11  dropout=0.237  lr=6.46e-04

[train_and_evaluate] Params: {'pan_target_channel': 33, 'ms_target_channel': 33, 'head_channel':
  Device: cuda
  Loading data (train+val split from train_path)...
  [load_dataset] ../datav1/valid_wv3.h5
    pan: (1080, 1, 64, 64)  ms: (1080, 8, 16, 16)  lms: (1080, 8, 64, 64)  gt: (1080, 8, 64, 64)
  Split: 864 train  /  216 val  (total 1080)
  Model parameters: 556,326
  Training: 5 epochs, 108 batches/epoch
  Epoch [1/5]  avg_loss=0.046449
  Epoch [2/5]  avg_loss=0.027191
  Epoch [3/5]  avg_loss=0.022416
  Epoch [4/5]  avg_loss=0.020179
  Epoch [5/5]  avg_loss=0.018700
  Evaluating on val split: 27 batches
  Metrics: SAM=0.1084  ERGAS=4.7214  CC=0.9620  SSIM=0.9463  SF=0.0887  SD=0.0044  n_params=556,3
  -> objectives: SAM=0.1084  ERGAS=4.7214  CC=0.9620  SSIM=0.9463  n_params=556,326

[Individual 4/10]
  pan_ch=50 (raw=59)  ms_ch=10 (raw=17)  head_ch=10  dropout=0.146  lr=1.03e-04

[train_and_evaluate] Params: {'pan_target_channel': 50, 'ms_target_channel': 10, 'head_channel':
  Device: cuda
  Loading data (train+val split from train_path)...
  [load_dataset] ../datav1/valid_wv3.h5
    pan: (1080, 1, 64, 64)  ms: (1080, 8, 16, 16)  lms: (1080, 8, 64, 64)  gt: (1080, 8, 64, 64)
  Split: 864 train  /  216 val  (total 1080)
  Model parameters: 196,398
  Training: 5 epochs, 108 batches/epoch
  Epoch [1/5]  avg_loss=0.071193
  Epoch [2/5]  avg_loss=0.044924
  Epoch [3/5]  avg_loss=0.039730
  Epoch [4/5]  avg_loss=0.035313
  Epoch [5/5]  avg_loss=0.031050
  Evaluating on val split: 27 batches
  Metrics: SAM=0.1681  ERGAS=7.5655  CC=0.9086  SSIM=0.7920  SF=0.0915  SD=0.0075  n_params=196,3
  -> objectives: SAM=0.1681  ERGAS=7.5655  CC=0.9086  SSIM=0.7920  n_params=196,398

[Individual 5/10]
  pan_ch=49 (raw=52)  ms_ch=35 (raw=41)  head_ch=7  dropout=0.057  lr=9.58e-04

[train_and_evaluate] Params: {'pan_target_channel': 49, 'ms_target_channel': 35, 'head_channel':
  Device: cuda
  Loading data (train+val split from train_path)...
  [load_dataset] ../datav1/valid_wv3.h5
    pan: (1080, 1, 64, 64)  ms: (1080, 8, 16, 16)  lms: (1080, 8, 64, 64)  gt: (1080, 8, 64, 64)
  Split: 864 train  /  216 val  (total 1080)
  Model parameters: 688,510
  Training: 5 epochs, 108 batches/epoch
  Epoch [1/5]  avg_loss=0.038055
  Epoch [2/5]  avg_loss=0.021947
  Epoch [3/5]  avg_loss=0.019087
  Epoch [4/5]  avg_loss=0.017613
  Epoch [5/5]  avg_loss=0.016215
  Evaluating on val split: 27 batches
  Metrics: SAM=0.0977  ERGAS=4.2755  CC=0.9696  SSIM=0.9581  SF=0.0882  SD=0.0029  n_params=688,5
  -> objectives: SAM=0.0977  ERGAS=4.2755  CC=0.9696  SSIM=0.9581  n_params=688,510

[Individual 6/10]
  pan_ch=50 (raw=52)  ms_ch=40 (raw=42)  head_ch=10  dropout=0.294  lr=9.60e-04

[train_and_evaluate] Params: {'pan_target_channel': 50, 'ms_target_channel': 40, 'head_channel':
  Device: cuda
  Loading data (train+val split from train_path)...
  [load_dataset] ../datav1/valid_wv3.h5
    pan: (1080, 1, 64, 64)  ms: (1080, 8, 16, 16)  lms: (1080, 8, 64, 64)  gt: (1080, 8, 64, 64)
  Split: 864 train  /  216 val  (total 1080)
  Model parameters: 860,118
  Training: 5 epochs, 108 batches/epoch
  Epoch [1/5]  avg_loss=0.036958
  Epoch [2/5]  avg_loss=0.021515
  Epoch [3/5]  avg_loss=0.018600
  Epoch [4/5]  avg_loss=0.016682
  Epoch [5/5]  avg_loss=0.015719
  Evaluating on val split: 27 batches
  Metrics: SAM=0.0956  ERGAS=4.1614  CC=0.9712  SSIM=0.9605  SF=0.0899  SD=0.0050  n_params=860,1
  -> objectives: SAM=0.0956  ERGAS=4.1614  CC=0.9712  SSIM=0.9605  n_params=860,118

[Individual 7/10]
  pan_ch=30 (raw=36)  ms_ch=50 (raw=55)  head_ch=10  dropout=0.169  lr=1.25e-04

[train_and_evaluate] Params: {'pan_target_channel': 30, 'ms_target_channel': 50, 'head_channel':
  Device: cuda
  Loading data (train+val split from train_path)...
  [load_dataset] ../datav1/valid_wv3.h5
    pan: (1080, 1, 64, 64)  ms: (1080, 8, 16, 16)  lms: (1080, 8, 64, 64)  gt: (1080, 8, 64, 64)
  Split: 864 train  /  216 val  (total 1080)
  Model parameters: 1,160,118
  Training: 5 epochs, 108 batches/epoch
  Epoch [1/5]  avg_loss=0.064419
  Epoch [2/5]  avg_loss=0.040671
  Epoch [3/5]  avg_loss=0.034542
  Epoch [4/5]  avg_loss=0.029429
  Epoch [5/5]  avg_loss=0.026485
  Evaluating on val split: 27 batches
  Metrics: SAM=0.1435  ERGAS=6.6379  CC=0.9263  SSIM=0.8530  SF=0.0904  SD=0.0077  n_params=1,160
  -> objectives: SAM=0.1435  ERGAS=6.6379  CC=0.9263  SSIM=0.8530  n_params=1,160,118

[Individual 8/10]
  pan_ch=39 (raw=40)  ms_ch=13 (raw=20)  head_ch=13  dropout=0.051  lr=8.43e-04

[train_and_evaluate] Params: {'pan_target_channel': 39, 'ms_target_channel': 13, 'head_channel':
  Device: cuda
  Loading data (train+val split from train_path)...
  [load_dataset] ../datav1/valid_wv3.h5
    pan: (1080, 1, 64, 64)  ms: (1080, 8, 16, 16)  lms: (1080, 8, 64, 64)  gt: (1080, 8, 64, 64)
  Split: 864 train  /  216 val  (total 1080)
  Model parameters: 174,444
  Training: 5 epochs, 108 batches/epoch
  Epoch [1/5]  avg_loss=0.045175
  Epoch [2/5]  avg_loss=0.024657
  Epoch [3/5]  avg_loss=0.021174
  Epoch [4/5]  avg_loss=0.019487
  Epoch [5/5]  avg_loss=0.018279
  Evaluating on val split: 27 batches
  Metrics: SAM=0.1062  ERGAS=4.7889  CC=0.9610  SSIM=0.9495  SF=0.0868  SD=0.0068  n_params=174,4
  -> objectives: SAM=0.1062  ERGAS=4.7889  CC=0.9610  SSIM=0.9495  n_params=174,444

[Individual 9/10]
  pan_ch=33 (raw=40)  ms_ch=11 (raw=21)  head_ch=11  dropout=0.233  lr=7.40e-04

[train_and_evaluate] Params: {'pan_target_channel': 33, 'ms_target_channel': 11, 'head_channel':
  Device: cuda
  Loading data (train+val split from train_path)...
  [load_dataset] ../datav1/valid_wv3.h5
    pan: (1080, 1, 64, 64)  ms: (1080, 8, 16, 16)  lms: (1080, 8, 64, 64)  gt: (1080, 8, 64, 64)
  Split: 864 train  /  216 val  (total 1080)
  Model parameters: 128,998
  Training: 5 epochs, 108 batches/epoch
  Epoch [1/5]  avg_loss=0.043595
  Epoch [2/5]  avg_loss=0.025686
  Epoch [3/5]  avg_loss=0.022102
  Epoch [4/5]  avg_loss=0.020364
  Epoch [5/5]  avg_loss=0.019201
  Evaluating on val split: 27 batches
  Metrics: SAM=0.1095  ERGAS=5.1189  CC=0.9563  SSIM=0.9465  SF=0.0902  SD=0.0045  n_params=128,9
  -> objectives: SAM=0.1095  ERGAS=5.1189  CC=0.9563  SSIM=0.9465  n_params=128,998

[Individual 10/10]
  pan_ch=49 (raw=50)  ms_ch=35 (raw=41)  head_ch=7  dropout=0.239  lr=3.49e-04

[train_and_evaluate] Params: {'pan_target_channel': 49, 'ms_target_channel': 35, 'head_channel':
  Device: cuda
  Loading data (train+val split from train_path)...
  [load_dataset] ../datav1/valid_wv3.h5
    pan: (1080, 1, 64, 64)  ms: (1080, 8, 16, 16)  lms: (1080, 8, 64, 64)  gt: (1080, 8, 64, 64)
  Split: 864 train  /  216 val  (total 1080)
  Model parameters: 688,510
  Training: 5 epochs, 108 batches/epoch
  Epoch [1/5]  avg_loss=0.048521
  Epoch [2/5]  avg_loss=0.029388
  Epoch [3/5]  avg_loss=0.024222
  Epoch [4/5]  avg_loss=0.022006
  Epoch [5/5]  avg_loss=0.020285
  Evaluating on val split: 27 batches
  Metrics: SAM=0.1173  ERGAS=5.2072  CC=0.9537  SSIM=0.9265  SF=0.0895  SD=0.0053  n_params=688,5
  -> objectives: SAM=0.1173  ERGAS=5.2072  CC=0.9537  SSIM=0.9265  n_params=688,510
     2 |       20 |     10 |  0.0297664713 |         ideal

============================================================
[NSGA-2] Evaluating 10 individual(s)
============================================================

[Individual 1/10]
  pan_ch=50 (raw=55)  ms_ch=10 (raw=17)  head_ch=10  dropout=0.042  lr=8.49e-04

[train_and_evaluate] Params: {'pan_target_channel': 50, 'ms_target_channel': 10, 'head_channel':
  Device: cuda
  Loading data (train+val split from train_path)...
  [load_dataset] ../datav1/valid_wv3.h5
    pan: (1080, 1, 64, 64)  ms: (1080, 8, 16, 16)  lms: (1080, 8, 64, 64)  gt: (1080, 8, 64, 64)
  Split: 864 train  /  216 val  (total 1080)
  Model parameters: 196,398
  Training: 5 epochs, 108 batches/epoch
  Epoch [1/5]  avg_loss=0.042865
  Epoch [2/5]  avg_loss=0.024379
  Epoch [3/5]  avg_loss=0.021189
  Epoch [4/5]  avg_loss=0.019764
  Epoch [5/5]  avg_loss=0.018845
  Evaluating on val split: 27 batches
  Metrics: SAM=0.1097  ERGAS=4.9671  CC=0.9588  SSIM=0.9485  SF=0.0894  SD=0.0064  n_params=196,3
  -> objectives: SAM=0.1097  ERGAS=4.9671  CC=0.9588  SSIM=0.9485  n_params=196,398

[Individual 2/10]
  pan_ch=56 (raw=59)  ms_ch=14 (raw=18)  head_ch=7  dropout=0.143  lr=9.40e-04

[train_and_evaluate] Params: {'pan_target_channel': 56, 'ms_target_channel': 14, 'head_channel':
  Device: cuda
  Loading data (train+val split from train_path)...
  [load_dataset] ../datav1/valid_wv3.h5
    pan: (1080, 1, 64, 64)  ms: (1080, 8, 16, 16)  lms: (1080, 8, 64, 64)  gt: (1080, 8, 64, 64)
  Split: 864 train  /  216 val  (total 1080)
  Model parameters: 275,230
  Training: 5 epochs, 108 batches/epoch
  Epoch [1/5]  avg_loss=0.042291
  Epoch [2/5]  avg_loss=0.024336
  Epoch [3/5]  avg_loss=0.020679
  Epoch [4/5]  avg_loss=0.019093
  Epoch [5/5]  avg_loss=0.017822
  Evaluating on val split: 27 batches
  Metrics: SAM=0.1051  ERGAS=4.5095  CC=0.9655  SSIM=0.9526  SF=0.0901  SD=0.0048  n_params=275,2
  -> objectives: SAM=0.1051  ERGAS=4.5095  CC=0.9655  SSIM=0.9526  n_params=275,230

[Individual 3/10]
  pan_ch=50 (raw=52)  ms_ch=40 (raw=42)  head_ch=10  dropout=0.286  lr=9.36e-04

[train_and_evaluate] Params: {'pan_target_channel': 50, 'ms_target_channel': 40, 'head_channel':
  Device: cuda
  Loading data (train+val split from train_path)...
  [load_dataset] ../datav1/valid_wv3.h5
    pan: (1080, 1, 64, 64)  ms: (1080, 8, 16, 16)  lms: (1080, 8, 64, 64)  gt: (1080, 8, 64, 64)
  Split: 864 train  /  216 val  (total 1080)
  Model parameters: 860,118
  Training: 5 epochs, 108 batches/epoch
  Epoch [1/5]  avg_loss=0.038815
  Epoch [2/5]  avg_loss=0.022102
  Epoch [3/5]  avg_loss=0.019140
  Epoch [4/5]  avg_loss=0.017172
  Epoch [5/5]  avg_loss=0.015970
  Evaluating on val split: 27 batches
  Metrics: SAM=0.0959  ERGAS=4.1248  CC=0.9698  SSIM=0.9584  SF=0.0821  SD=0.0060  n_params=860,1
  -> objectives: SAM=0.0959  ERGAS=4.1248  CC=0.9698  SSIM=0.9584  n_params=860,118

[Individual 4/10]
  pan_ch=36 (raw=46)  ms_ch=48 (raw=56)  head_ch=12  dropout=0.084  lr=8.44e-04

[train_and_evaluate] Params: {'pan_target_channel': 36, 'ms_target_channel': 48, 'head_channel':
  Device: cuda
  Loading data (train+val split from train_path)...
  [load_dataset] ../datav1/valid_wv3.h5
    pan: (1080, 1, 64, 64)  ms: (1080, 8, 16, 16)  lms: (1080, 8, 64, 64)  gt: (1080, 8, 64, 64)
  Split: 864 train  /  216 val  (total 1080)
  Model parameters: 1,098,094
  Training: 5 epochs, 108 batches/epoch
  Epoch [1/5]  avg_loss=0.038318
  Epoch [2/5]  avg_loss=0.022465
  Epoch [3/5]  avg_loss=0.018827
  Epoch [4/5]  avg_loss=0.016839
  Epoch [5/5]  avg_loss=0.015991
  Evaluating on val split: 27 batches
  Metrics: SAM=0.0951  ERGAS=4.2791  CC=0.9698  SSIM=0.9611  SF=0.0892  SD=0.0032  n_params=1,098
  -> objectives: SAM=0.0951  ERGAS=4.2791  CC=0.9698  SSIM=0.9611  n_params=1,098,094

[Individual 5/10]
  pan_ch=33 (raw=43)  ms_ch=22 (raw=23)  head_ch=11  dropout=0.139  lr=1.63e-04

[train_and_evaluate] Params: {'pan_target_channel': 33, 'ms_target_channel': 22, 'head_channel':
  Device: cuda
  Loading data (train+val split from train_path)...
  [load_dataset] ../datav1/valid_wv3.h5
    pan: (1080, 1, 64, 64)  ms: (1080, 8, 16, 16)  lms: (1080, 8, 64, 64)  gt: (1080, 8, 64, 64)
  Split: 864 train  /  216 val  (total 1080)
  Model parameters: 293,043
  Training: 5 epochs, 108 batches/epoch
  Epoch [1/5]  avg_loss=0.058168
  Epoch [2/5]  avg_loss=0.039388
  Epoch [3/5]  avg_loss=0.030747
  Epoch [4/5]  avg_loss=0.026343
  Epoch [5/5]  avg_loss=0.024258
  Evaluating on val split: 27 batches
  Metrics: SAM=0.1364  ERGAS=6.1550  CC=0.9379  SSIM=0.8877  SF=0.0928  SD=0.0060  n_params=293,0
  -> objectives: SAM=0.1364  ERGAS=6.1550  CC=0.9379  SSIM=0.8877  n_params=293,043

[Individual 6/10]
  pan_ch=39 (raw=40)  ms_ch=13 (raw=17)  head_ch=13  dropout=0.147  lr=1.12e-04

[train_and_evaluate] Params: {'pan_target_channel': 39, 'ms_target_channel': 13, 'head_channel':
  Device: cuda
  Loading data (train+val split from train_path)...
  [load_dataset] ../datav1/valid_wv3.h5
    pan: (1080, 1, 64, 64)  ms: (1080, 8, 16, 16)  lms: (1080, 8, 64, 64)  gt: (1080, 8, 64, 64)
  Split: 864 train  /  216 val  (total 1080)
  Model parameters: 174,444
  Training: 5 epochs, 108 batches/epoch
  Epoch [1/5]  avg_loss=0.066037
  Epoch [2/5]  avg_loss=0.042982
  Epoch [3/5]  avg_loss=0.036896
  Epoch [4/5]  avg_loss=0.031306
  Epoch [5/5]  avg_loss=0.028092
  Evaluating on val split: 27 batches
  Metrics: SAM=0.1573  ERGAS=6.9890  CC=0.9215  SSIM=0.8333  SF=0.0950  SD=0.0067  n_params=174,4
  -> objectives: SAM=0.1573  ERGAS=6.9890  CC=0.9215  SSIM=0.8333  n_params=174,444

[Individual 7/10]
  pan_ch=50 (raw=51)  ms_ch=30 (raw=38)  head_ch=10  dropout=0.057  lr=1.86e-04

[train_and_evaluate] Params: {'pan_target_channel': 50, 'ms_target_channel': 30, 'head_channel':
  Device: cuda
  Loading data (train+val split from train_path)...
  [load_dataset] ../datav1/valid_wv3.h5
    pan: (1080, 1, 64, 64)  ms: (1080, 8, 16, 16)  lms: (1080, 8, 64, 64)  gt: (1080, 8, 64, 64)
  Split: 864 train  /  216 val  (total 1080)
  Model parameters: 554,178
  Training: 5 epochs, 108 batches/epoch
  Epoch [1/5]  avg_loss=0.061654
  Epoch [2/5]  avg_loss=0.038239
  Epoch [3/5]  avg_loss=0.030335
  Epoch [4/5]  avg_loss=0.026307
  Epoch [5/5]  avg_loss=0.024261
  Evaluating on val split: 27 batches
  Metrics: SAM=0.1351  ERGAS=6.1526  CC=0.9367  SSIM=0.8855  SF=0.0912  SD=0.0065  n_params=554,1
  -> objectives: SAM=0.1351  ERGAS=6.1526  CC=0.9367  SSIM=0.8855  n_params=554,178

[Individual 8/10]
  pan_ch=33 (raw=42)  ms_ch=22 (raw=23)  head_ch=11  dropout=0.040  lr=8.56e-04

[train_and_evaluate] Params: {'pan_target_channel': 33, 'ms_target_channel': 22, 'head_channel':
  Device: cuda
  Loading data (train+val split from train_path)...
  [load_dataset] ../datav1/valid_wv3.h5
    pan: (1080, 1, 64, 64)  ms: (1080, 8, 16, 16)  lms: (1080, 8, 64, 64)  gt: (1080, 8, 64, 64)
  Split: 864 train  /  216 val  (total 1080)
  Model parameters: 293,043
  Training: 5 epochs, 108 batches/epoch
  Epoch [1/5]  avg_loss=0.042481
  Epoch [2/5]  avg_loss=0.024175
  Epoch [3/5]  avg_loss=0.020592
  Epoch [4/5]  avg_loss=0.018956
  Epoch [5/5]  avg_loss=0.017897
  Evaluating on val split: 27 batches
  Metrics: SAM=0.1061  ERGAS=4.6037  CC=0.9643  SSIM=0.9530  SF=0.0865  SD=0.0058  n_params=293,0
  -> objectives: SAM=0.1061  ERGAS=4.6037  CC=0.9643  SSIM=0.9530  n_params=293,043

[Individual 9/10]
  pan_ch=54 (raw=60)  ms_ch=9 (raw=17)  head_ch=9  dropout=0.240  lr=6.14e-04

[train_and_evaluate] Params: {'pan_target_channel': 54, 'ms_target_channel': 9, 'head_channel': 9
  Device: cuda
  Loading data (train+val split from train_path)...
  [load_dataset] ../datav1/valid_wv3.h5
    pan: (1080, 1, 64, 64)  ms: (1080, 8, 16, 16)  lms: (1080, 8, 64, 64)  gt: (1080, 8, 64, 64)
  Split: 864 train  /  216 val  (total 1080)
  Model parameters: 209,136
  Training: 5 epochs, 108 batches/epoch
  Epoch [1/5]  avg_loss=0.044377
  Epoch [2/5]  avg_loss=0.026418
  Epoch [3/5]  avg_loss=0.022500
  Epoch [4/5]  avg_loss=0.020810
  Epoch [5/5]  avg_loss=0.019824
  Evaluating on val split: 27 batches
  Metrics: SAM=0.1111  ERGAS=5.3558  CC=0.9528  SSIM=0.9447  SF=0.0893  SD=0.0057  n_params=209,1
  -> objectives: SAM=0.1111  ERGAS=5.3558  CC=0.9528  SSIM=0.9447  n_params=209,136

[Individual 10/10]
  pan_ch=44 (raw=46)  ms_ch=55 (raw=56)  head_ch=11  dropout=0.085  lr=8.56e-04

[train_and_evaluate] Params: {'pan_target_channel': 44, 'ms_target_channel': 55, 'head_channel':
  Device: cuda
  Loading data (train+val split from train_path)...
  [load_dataset] ../datav1/valid_wv3.h5
    pan: (1080, 1, 64, 64)  ms: (1080, 8, 16, 16)  lms: (1080, 8, 64, 64)  gt: (1080, 8, 64, 64)
  Split: 864 train  /  216 val  (total 1080)
  Model parameters: 1,441,980
  Training: 5 epochs, 108 batches/epoch
  Epoch [1/5]  avg_loss=0.040990
  Epoch [2/5]  avg_loss=0.023014
  Epoch [3/5]  avg_loss=0.019230
  Epoch [4/5]  avg_loss=0.016910
  Epoch [5/5]  avg_loss=0.016046
  Evaluating on val split: 27 batches
  Metrics: SAM=0.0975  ERGAS=4.1859  CC=0.9686  SSIM=0.9583  SF=0.0891  SD=0.0037  n_params=1,441
  -> objectives: SAM=0.0975  ERGAS=4.1859  CC=0.9686  SSIM=0.9583  n_params=1,441,980
     3 |       30 |     10 |  0.1735165533 |         ideal

============================================================
[NSGA-2] Evaluating 10 individual(s)
============================================================

[Individual 1/10]
  pan_ch=44 (raw=46)  ms_ch=55 (raw=56)  head_ch=11  dropout=0.084  lr=6.59e-04

[train_and_evaluate] Params: {'pan_target_channel': 44, 'ms_target_channel': 55, 'head_channel':
  Device: cuda
  Loading data (train+val split from train_path)...
  [load_dataset] ../datav1/valid_wv3.h5
    pan: (1080, 1, 64, 64)  ms: (1080, 8, 16, 16)  lms: (1080, 8, 64, 64)  gt: (1080, 8, 64, 64)
  Split: 864 train  /  216 val  (total 1080)
  Model parameters: 1,441,980
  Training: 5 epochs, 108 batches/epoch
  Epoch [1/5]  avg_loss=0.042834
  Epoch [2/5]  avg_loss=0.024801
  Epoch [3/5]  avg_loss=0.020603
  Epoch [4/5]  avg_loss=0.018504
  Epoch [5/5]  avg_loss=0.017263
  Evaluating on val split: 27 batches
  Metrics: SAM=0.1013  ERGAS=4.3740  CC=0.9678  SSIM=0.9524  SF=0.0881  SD=0.0044  n_params=1,441
  -> objectives: SAM=0.1013  ERGAS=4.3740  CC=0.9678  SSIM=0.9524  n_params=1,441,980

[Individual 2/10]
  pan_ch=50 (raw=52)  ms_ch=40 (raw=41)  head_ch=10  dropout=0.057  lr=9.60e-04

[train_and_evaluate] Params: {'pan_target_channel': 50, 'ms_target_channel': 40, 'head_channel':
  Device: cuda
  Loading data (train+val split from train_path)...
  [load_dataset] ../datav1/valid_wv3.h5
    pan: (1080, 1, 64, 64)  ms: (1080, 8, 16, 16)  lms: (1080, 8, 64, 64)  gt: (1080, 8, 64, 64)
  Split: 864 train  /  216 val  (total 1080)
  Model parameters: 860,118
  Training: 5 epochs, 108 batches/epoch
  Epoch [1/5]  avg_loss=0.038555
  Epoch [2/5]  avg_loss=0.022215
  Epoch [3/5]  avg_loss=0.018621
  Epoch [4/5]  avg_loss=0.016801
  Epoch [5/5]  avg_loss=0.015976
  Evaluating on val split: 27 batches
  Metrics: SAM=0.0966  ERGAS=4.3664  CC=0.9685  SSIM=0.9607  SF=0.0875  SD=0.0043  n_params=860,1
  -> objectives: SAM=0.0966  ERGAS=4.3664  CC=0.9685  SSIM=0.9607  n_params=860,118

[Individual 3/10]
  pan_ch=52 (raw=61)  ms_ch=13 (raw=17)  head_ch=13  dropout=0.161  lr=1.55e-04

[train_and_evaluate] Params: {'pan_target_channel': 52, 'ms_target_channel': 13, 'head_channel':
  Device: cuda
  Loading data (train+val split from train_path)...
  [load_dataset] ../datav1/valid_wv3.h5
    pan: (1080, 1, 64, 64)  ms: (1080, 8, 16, 16)  lms: (1080, 8, 64, 64)  gt: (1080, 8, 64, 64)
  Split: 864 train  /  216 val  (total 1080)
  Model parameters: 238,534
  Training: 5 epochs, 108 batches/epoch
  Epoch [1/5]  avg_loss=0.062905
  Epoch [2/5]  avg_loss=0.042780
  Epoch [3/5]  avg_loss=0.037007
  Epoch [4/5]  avg_loss=0.030813
  Epoch [5/5]  avg_loss=0.027281
  Evaluating on val split: 27 batches
  Metrics: SAM=0.1510  ERGAS=6.6968  CC=0.9248  SSIM=0.8526  SF=0.0892  SD=0.0072  n_params=238,5
  -> objectives: SAM=0.1510  ERGAS=6.6968  CC=0.9248  SSIM=0.8526  n_params=238,534

[Individual 4/10]
  pan_ch=33 (raw=40)  ms_ch=11 (raw=19)  head_ch=11  dropout=0.235  lr=6.52e-04

[train_and_evaluate] Params: {'pan_target_channel': 33, 'ms_target_channel': 11, 'head_channel':
  Device: cuda
  Loading data (train+val split from train_path)...
  [load_dataset] ../datav1/valid_wv3.h5
    pan: (1080, 1, 64, 64)  ms: (1080, 8, 16, 16)  lms: (1080, 8, 64, 64)  gt: (1080, 8, 64, 64)
  Split: 864 train  /  216 val  (total 1080)
  Model parameters: 128,998
  Training: 5 epochs, 108 batches/epoch
  Epoch [1/5]  avg_loss=0.046337
  Epoch [2/5]  avg_loss=0.027440
  Epoch [3/5]  avg_loss=0.022728
  Epoch [4/5]  avg_loss=0.020968
  Epoch [5/5]  avg_loss=0.019670
  Evaluating on val split: 27 batches
  Metrics: SAM=0.1110  ERGAS=5.1446  CC=0.9553  SSIM=0.9434  SF=0.0866  SD=0.0076  n_params=128,9
  -> objectives: SAM=0.1110  ERGAS=5.1446  CC=0.9553  SSIM=0.9434  n_params=128,998

[Individual 5/10]
  pan_ch=42 (raw=46)  ms_ch=35 (raw=41)  head_ch=7  dropout=0.057  lr=9.73e-04

[train_and_evaluate] Params: {'pan_target_channel': 42, 'ms_target_channel': 35, 'head_channel':
  Device: cuda
  Loading data (train+val split from train_path)...
  [load_dataset] ../datav1/valid_wv3.h5
    pan: (1080, 1, 64, 64)  ms: (1080, 8, 16, 16)  lms: (1080, 8, 64, 64)  gt: (1080, 8, 64, 64)
  Split: 864 train  /  216 val  (total 1080)
  Model parameters: 653,230
  Training: 5 epochs, 108 batches/epoch
  Epoch [1/5]  avg_loss=0.039573
  Epoch [2/5]  avg_loss=0.022110
  Epoch [3/5]  avg_loss=0.018723
  Epoch [4/5]  avg_loss=0.017003
  Epoch [5/5]  avg_loss=0.015873
  Evaluating on val split: 27 batches
  Metrics: SAM=0.0954  ERGAS=4.2191  CC=0.9701  SSIM=0.9592  SF=0.0894  SD=0.0050  n_params=653,2
  -> objectives: SAM=0.0954  ERGAS=4.2191  CC=0.9701  SSIM=0.9592  n_params=653,230

[Individual 6/10]
  pan_ch=36 (raw=40)  ms_ch=12 (raw=21)  head_ch=12  dropout=0.235  lr=8.36e-04

[train_and_evaluate] Params: {'pan_target_channel': 36, 'ms_target_channel': 12, 'head_channel':
  Device: cuda
  Loading data (train+val split from train_path)...
  [load_dataset] ../datav1/valid_wv3.h5
    pan: (1080, 1, 64, 64)  ms: (1080, 8, 16, 16)  lms: (1080, 8, 64, 64)  gt: (1080, 8, 64, 64)
  Split: 864 train  /  216 val  (total 1080)
  Model parameters: 151,690
  Training: 5 epochs, 108 batches/epoch
  Epoch [1/5]  avg_loss=0.046695
  Epoch [2/5]  avg_loss=0.026857
  Epoch [3/5]  avg_loss=0.022165
  Epoch [4/5]  avg_loss=0.020121
  Epoch [5/5]  avg_loss=0.018813
  Evaluating on val split: 27 batches
  Metrics: SAM=0.1115  ERGAS=4.9261  CC=0.9570  SSIM=0.9419  SF=0.0839  SD=0.0078  n_params=151,6
  -> objectives: SAM=0.1115  ERGAS=4.9261  CC=0.9570  SSIM=0.9419  n_params=151,690

[Individual 7/10]
  pan_ch=49 (raw=50)  ms_ch=42 (raw=42)  head_ch=7  dropout=0.294  lr=9.73e-04

[train_and_evaluate] Params: {'pan_target_channel': 49, 'ms_target_channel': 42, 'head_channel':
  Device: cuda
  Loading data (train+val split from train_path)...
  [load_dataset] ../datav1/valid_wv3.h5
    pan: (1080, 1, 64, 64)  ms: (1080, 8, 16, 16)  lms: (1080, 8, 64, 64)  gt: (1080, 8, 64, 64)
  Split: 864 train  /  216 val  (total 1080)
  Model parameters: 925,971
  Training: 5 epochs, 108 batches/epoch
  Epoch [1/5]  avg_loss=0.037106
  Epoch [2/5]  avg_loss=0.021580
  Epoch [3/5]  avg_loss=0.018102
  Epoch [4/5]  avg_loss=0.016694
  Epoch [5/5]  avg_loss=0.015736
  Evaluating on val split: 27 batches
  Metrics: SAM=0.0945  ERGAS=4.2957  CC=0.9699  SSIM=0.9601  SF=0.0853  SD=0.0046  n_params=925,9
  -> objectives: SAM=0.0945  ERGAS=4.2957  CC=0.9699  SSIM=0.9601  n_params=925,971

[Individual 8/10]
  pan_ch=30 (raw=39)  ms_ch=10 (raw=17)  head_ch=10  dropout=0.147  lr=1.13e-04

[train_and_evaluate] Params: {'pan_target_channel': 30, 'ms_target_channel': 10, 'head_channel':
  Device: cuda
  Loading data (train+val split from train_path)...
  [load_dataset] ../datav1/valid_wv3.h5
    pan: (1080, 1, 64, 64)  ms: (1080, 8, 16, 16)  lms: (1080, 8, 64, 64)  gt: (1080, 8, 64, 64)
  Split: 864 train  /  216 val  (total 1080)
  Model parameters: 109,758
  Training: 5 epochs, 108 batches/epoch
  Epoch [1/5]  avg_loss=0.072727
  Epoch [2/5]  avg_loss=0.046777
  Epoch [3/5]  avg_loss=0.040783
  Epoch [4/5]  avg_loss=0.035758
  Epoch [5/5]  avg_loss=0.031535
  Evaluating on val split: 27 batches
  Metrics: SAM=0.1744  ERGAS=7.7581  CC=0.9048  SSIM=0.7929  SF=0.0923  SD=0.0073  n_params=109,7
  -> objectives: SAM=0.1744  ERGAS=7.7581  CC=0.9048  SSIM=0.7929  n_params=109,758

[Individual 9/10]
  pan_ch=48 (raw=50)  ms_ch=48 (raw=56)  head_ch=12  dropout=0.083  lr=8.44e-04

[train_and_evaluate] Params: {'pan_target_channel': 48, 'ms_target_channel': 48, 'head_channel':
  Device: cuda
  Loading data (train+val split from train_path)...
  [load_dataset] ../datav1/valid_wv3.h5
    pan: (1080, 1, 64, 64)  ms: (1080, 8, 16, 16)  lms: (1080, 8, 64, 64)  gt: (1080, 8, 64, 64)
  Split: 864 train  /  216 val  (total 1080)
  Model parameters: 1,154,902
  Training: 5 epochs, 108 batches/epoch
  Epoch [1/5]  avg_loss=0.040209
  Epoch [2/5]  avg_loss=0.022583
  Epoch [3/5]  avg_loss=0.019054
  Epoch [4/5]  avg_loss=0.017161
  Epoch [5/5]  avg_loss=0.015900
  Evaluating on val split: 27 batches
  Metrics: SAM=0.0944  ERGAS=4.0670  CC=0.9716  SSIM=0.9597  SF=0.0848  SD=0.0057  n_params=1,154
  -> objectives: SAM=0.0944  ERGAS=4.0670  CC=0.9716  SSIM=0.9597  n_params=1,154,902

[Individual 10/10]
  pan_ch=40 (raw=40)  ms_ch=10 (raw=17)  head_ch=10  dropout=0.148  lr=1.12e-04

[train_and_evaluate] Params: {'pan_target_channel': 40, 'ms_target_channel': 10, 'head_channel':
  Device: cuda
  Loading data (train+val split from train_path)...
  [load_dataset] ../datav1/valid_wv3.h5
    pan: (1080, 1, 64, 64)  ms: (1080, 8, 16, 16)  lms: (1080, 8, 64, 64)  gt: (1080, 8, 64, 64)
  Split: 864 train  /  216 val  (total 1080)
  Model parameters: 147,778
  Training: 5 epochs, 108 batches/epoch
  Epoch [1/5]  avg_loss=0.075238
  Epoch [2/5]  avg_loss=0.046070
  Epoch [3/5]  avg_loss=0.041426
  Epoch [4/5]  avg_loss=0.036992
  Epoch [5/5]  avg_loss=0.032325
  Evaluating on val split: 27 batches
  Metrics: SAM=0.1730  ERGAS=7.8492  CC=0.9024  SSIM=0.7919  SF=0.0883  SD=0.0085  n_params=147,7
  -> objectives: SAM=0.1730  ERGAS=7.8492  CC=0.9024  SSIM=0.7919  n_params=147,778
     4 |       40 |     10 |  0.0156811142 |         ideal

============================================================
[NSGA-2] Evaluating 10 individual(s)
============================================================

[Individual 1/10]
  pan_ch=48 (raw=50)  ms_ch=48 (raw=56)  head_ch=12  dropout=0.083  lr=8.44e-04

[train_and_evaluate] Params: {'pan_target_channel': 48, 'ms_target_channel': 48, 'head_channel':
  Device: cuda
  Loading data (train+val split from train_path)...
  [load_dataset] ../datav1/valid_wv3.h5
    pan: (1080, 1, 64, 64)  ms: (1080, 8, 16, 16)  lms: (1080, 8, 64, 64)  gt: (1080, 8, 64, 64)
  Split: 864 train  /  216 val  (total 1080)
  Model parameters: 1,154,902
  Training: 5 epochs, 108 batches/epoch
  Epoch [1/5]  avg_loss=0.040213
  Epoch [2/5]  avg_loss=0.023021
  Epoch [3/5]  avg_loss=0.019419
  Epoch [4/5]  avg_loss=0.017620
  Epoch [5/5]  avg_loss=0.016503
  Evaluating on val split: 27 batches
  Metrics: SAM=0.0984  ERGAS=4.2396  CC=0.9689  SSIM=0.9572  SF=0.0859  SD=0.0045  n_params=1,154
  -> objectives: SAM=0.0984  ERGAS=4.2396  CC=0.9689  SSIM=0.9572  n_params=1,154,902

[Individual 2/10]
  pan_ch=33 (raw=40)  ms_ch=11 (raw=21)  head_ch=11  dropout=0.240  lr=8.37e-04

[train_and_evaluate] Params: {'pan_target_channel': 33, 'ms_target_channel': 11, 'head_channel':
  Device: cuda
  Loading data (train+val split from train_path)...
  [load_dataset] ../datav1/valid_wv3.h5
    pan: (1080, 1, 64, 64)  ms: (1080, 8, 16, 16)  lms: (1080, 8, 64, 64)  gt: (1080, 8, 64, 64)
  Split: 864 train  /  216 val  (total 1080)
  Model parameters: 128,998
  Training: 5 epochs, 108 batches/epoch
  Epoch [1/5]  avg_loss=0.044782
  Epoch [2/5]  avg_loss=0.024917
  Epoch [3/5]  avg_loss=0.021172
  Epoch [4/5]  avg_loss=0.019568
  Epoch [5/5]  avg_loss=0.018528
  Evaluating on val split: 27 batches
  Metrics: SAM=0.1086  ERGAS=4.8574  CC=0.9603  SSIM=0.9505  SF=0.0889  SD=0.0064  n_params=128,9
  -> objectives: SAM=0.1086  ERGAS=4.8574  CC=0.9603  SSIM=0.9505  n_params=128,998

[Individual 3/10]
  pan_ch=49 (raw=50)  ms_ch=35 (raw=41)  head_ch=7  dropout=0.061  lr=1.22e-04

[train_and_evaluate] Params: {'pan_target_channel': 49, 'ms_target_channel': 35, 'head_channel':
  Device: cuda
  Loading data (train+val split from train_path)...
  [load_dataset] ../datav1/valid_wv3.h5
    pan: (1080, 1, 64, 64)  ms: (1080, 8, 16, 16)  lms: (1080, 8, 64, 64)  gt: (1080, 8, 64, 64)
  Split: 864 train  /  216 val  (total 1080)
  Model parameters: 688,510
  Training: 5 epochs, 108 batches/epoch
  Epoch [1/5]  avg_loss=0.060238
  Epoch [2/5]  avg_loss=0.040796
  Epoch [3/5]  avg_loss=0.034752
  Epoch [4/5]  avg_loss=0.029508
  Epoch [5/5]  avg_loss=0.026514
  Evaluating on val split: 27 batches
  Metrics: SAM=0.1464  ERGAS=6.6255  CC=0.9279  SSIM=0.8548  SF=0.0922  SD=0.0072  n_params=688,5
  -> objectives: SAM=0.1464  ERGAS=6.6255  CC=0.9279  SSIM=0.8548  n_params=688,510

[Individual 4/10]
  pan_ch=44 (raw=46)  ms_ch=55 (raw=60)  head_ch=11  dropout=0.147  lr=8.56e-04

[train_and_evaluate] Params: {'pan_target_channel': 44, 'ms_target_channel': 55, 'head_channel':
  Device: cuda
  Loading data (train+val split from train_path)...
  [load_dataset] ../datav1/valid_wv3.h5
    pan: (1080, 1, 64, 64)  ms: (1080, 8, 16, 16)  lms: (1080, 8, 64, 64)  gt: (1080, 8, 64, 64)
  Split: 864 train  /  216 val  (total 1080)
  Model parameters: 1,441,980
  Training: 5 epochs, 108 batches/epoch
  Epoch [1/5]  avg_loss=0.040096
  Epoch [2/5]  avg_loss=0.022545
  Epoch [3/5]  avg_loss=0.019054
  Epoch [4/5]  avg_loss=0.016807
  Epoch [5/5]  avg_loss=0.016086
  Evaluating on val split: 27 batches
  Metrics: SAM=0.0953  ERGAS=4.2656  CC=0.9702  SSIM=0.9615  SF=0.0906  SD=0.0029  n_params=1,441
  -> objectives: SAM=0.0953  ERGAS=4.2656  CC=0.9702  SSIM=0.9615  n_params=1,441,980

[Individual 5/10]
  pan_ch=39 (raw=40)  ms_ch=13 (raw=17)  head_ch=13  dropout=0.147  lr=1.12e-04

[train_and_evaluate] Params: {'pan_target_channel': 39, 'ms_target_channel': 13, 'head_channel':
  Device: cuda
  Loading data (train+val split from train_path)...
  [load_dataset] ../datav1/valid_wv3.h5
    pan: (1080, 1, 64, 64)  ms: (1080, 8, 16, 16)  lms: (1080, 8, 64, 64)  gt: (1080, 8, 64, 64)
  Split: 864 train  /  216 val  (total 1080)
  Model parameters: 174,444
  Training: 5 epochs, 108 batches/epoch
  Epoch [1/5]  avg_loss=0.065202
  Epoch [2/5]  avg_loss=0.044041
  Epoch [3/5]  avg_loss=0.038596
  Epoch [4/5]  avg_loss=0.032346
  Epoch [5/5]  avg_loss=0.027981
  Evaluating on val split: 27 batches
  Metrics: SAM=0.1570  ERGAS=6.8775  CC=0.9234  SSIM=0.8414  SF=0.0947  SD=0.0067  n_params=174,4
  -> objectives: SAM=0.1570  ERGAS=6.8775  CC=0.9234  SSIM=0.8414  n_params=174,444

[Individual 6/10]
  pan_ch=44 (raw=46)  ms_ch=55 (raw=56)  head_ch=11  dropout=0.081  lr=8.55e-04

[train_and_evaluate] Params: {'pan_target_channel': 44, 'ms_target_channel': 55, 'head_channel':
  Device: cuda
  Loading data (train+val split from train_path)...
  [load_dataset] ../datav1/valid_wv3.h5
    pan: (1080, 1, 64, 64)  ms: (1080, 8, 16, 16)  lms: (1080, 8, 64, 64)  gt: (1080, 8, 64, 64)
  Split: 864 train  /  216 val  (total 1080)
  Model parameters: 1,441,980
  Training: 5 epochs, 108 batches/epoch
  Epoch [1/5]  avg_loss=0.039633
  Epoch [2/5]  avg_loss=0.022675
  Epoch [3/5]  avg_loss=0.019316
  Epoch [4/5]  avg_loss=0.017388
  Epoch [5/5]  avg_loss=0.016116
  Evaluating on val split: 27 batches
  Metrics: SAM=0.0970  ERGAS=4.4126  CC=0.9680  SSIM=0.9536  SF=0.0812  SD=0.0056  n_params=1,441
  -> objectives: SAM=0.0970  ERGAS=4.4126  CC=0.9680  SSIM=0.9536  n_params=1,441,980

[Individual 7/10]
  pan_ch=39 (raw=40)  ms_ch=13 (raw=17)  head_ch=13  dropout=0.137  lr=9.68e-04

[train_and_evaluate] Params: {'pan_target_channel': 39, 'ms_target_channel': 13, 'head_channel':
  Device: cuda
  Loading data (train+val split from train_path)...
  [load_dataset] ../datav1/valid_wv3.h5
    pan: (1080, 1, 64, 64)  ms: (1080, 8, 16, 16)  lms: (1080, 8, 64, 64)  gt: (1080, 8, 64, 64)
  Split: 864 train  /  216 val  (total 1080)
  Model parameters: 174,444
  Training: 5 epochs, 108 batches/epoch
  Epoch [1/5]  avg_loss=0.042868
  Epoch [2/5]  avg_loss=0.024596
  Epoch [3/5]  avg_loss=0.021155
  Epoch [4/5]  avg_loss=0.019253
  Epoch [5/5]  avg_loss=0.018115
  Evaluating on val split: 27 batches
  Metrics: SAM=0.1073  ERGAS=4.7079  CC=0.9613  SSIM=0.9500  SF=0.0889  SD=0.0038  n_params=174,4
  -> objectives: SAM=0.1073  ERGAS=4.7079  CC=0.9613  SSIM=0.9500  n_params=174,444

[Individual 8/10]
  pan_ch=30 (raw=39)  ms_ch=10 (raw=17)  head_ch=10  dropout=0.086  lr=1.13e-04

[train_and_evaluate] Params: {'pan_target_channel': 30, 'ms_target_channel': 10, 'head_channel':
  Device: cuda
  Loading data (train+val split from train_path)...
  [load_dataset] ../datav1/valid_wv3.h5
    pan: (1080, 1, 64, 64)  ms: (1080, 8, 16, 16)  lms: (1080, 8, 64, 64)  gt: (1080, 8, 64, 64)
  Split: 864 train  /  216 val  (total 1080)
  Model parameters: 109,758
  Training: 5 epochs, 108 batches/epoch
  Epoch [1/5]  avg_loss=0.064132
  Epoch [2/5]  avg_loss=0.044158
  Epoch [3/5]  avg_loss=0.039810
  Epoch [4/5]  avg_loss=0.034749
  Epoch [5/5]  avg_loss=0.030277
  Evaluating on val split: 27 batches
  Metrics: SAM=0.1664  ERGAS=7.3293  CC=0.9112  SSIM=0.8073  SF=0.0896  SD=0.0086  n_params=109,7
  -> objectives: SAM=0.1664  ERGAS=7.3293  CC=0.9112  SSIM=0.8073  n_params=109,758

[Individual 9/10]
  pan_ch=50 (raw=50)  ms_ch=40 (raw=42)  head_ch=10  dropout=0.292  lr=9.17e-04

[train_and_evaluate] Params: {'pan_target_channel': 50, 'ms_target_channel': 40, 'head_channel':
  Device: cuda
  Loading data (train+val split from train_path)...
  [load_dataset] ../datav1/valid_wv3.h5
    pan: (1080, 1, 64, 64)  ms: (1080, 8, 16, 16)  lms: (1080, 8, 64, 64)  gt: (1080, 8, 64, 64)
  Split: 864 train  /  216 val  (total 1080)
  Model parameters: 860,118
  Training: 5 epochs, 108 batches/epoch
  Epoch [1/5]  avg_loss=0.040007
  Epoch [2/5]  avg_loss=0.022990
  Epoch [3/5]  avg_loss=0.019282
  Epoch [4/5]  avg_loss=0.017276
  Epoch [5/5]  avg_loss=0.016114
  Evaluating on val split: 27 batches
  Metrics: SAM=0.0971  ERGAS=4.1391  CC=0.9700  SSIM=0.9603  SF=0.0883  SD=0.0035  n_params=860,1
  -> objectives: SAM=0.0971  ERGAS=4.1391  CC=0.9700  SSIM=0.9603  n_params=860,118

[Individual 10/10]
  pan_ch=44 (raw=50)  ms_ch=55 (raw=56)  head_ch=11  dropout=0.083  lr=8.56e-04

[train_and_evaluate] Params: {'pan_target_channel': 44, 'ms_target_channel': 55, 'head_channel':
  Device: cuda
  Loading data (train+val split from train_path)...
  [load_dataset] ../datav1/valid_wv3.h5
    pan: (1080, 1, 64, 64)  ms: (1080, 8, 16, 16)  lms: (1080, 8, 64, 64)  gt: (1080, 8, 64, 64)
  Split: 864 train  /  216 val  (total 1080)
  Model parameters: 1,441,980
  Training: 5 epochs, 108 batches/epoch
  Epoch [1/5]  avg_loss=0.039405
  Epoch [2/5]  avg_loss=0.023071
  Epoch [3/5]  avg_loss=0.019208
  Epoch [4/5]  avg_loss=0.017251
  Epoch [5/5]  avg_loss=0.015895
  Evaluating on val split: 27 batches
  Metrics: SAM=0.0990  ERGAS=4.2981  CC=0.9701  SSIM=0.9589  SF=0.0870  SD=0.0043  n_params=1,441
  -> objectives: SAM=0.0990  ERGAS=4.2981  CC=0.9701  SSIM=0.9589  n_params=1,441,980
     5 |       50 |     10 |  0.0026393979 |         ideal

============================================================
[NSGA-2] Evaluating 10 individual(s)
============================================================

[Individual 1/10]
  pan_ch=39 (raw=40)  ms_ch=39 (raw=41)  head_ch=13  dropout=0.127  lr=1.25e-04

[train_and_evaluate] Params: {'pan_target_channel': 39, 'ms_target_channel': 39, 'head_channel':
  Device: cuda
  Loading data (train+val split from train_path)...
  [load_dataset] ../datav1/valid_wv3.h5
    pan: (1080, 1, 64, 64)  ms: (1080, 8, 16, 16)  lms: (1080, 8, 64, 64)  gt: (1080, 8, 64, 64)
  Split: 864 train  /  216 val  (total 1080)
  Model parameters: 768,336
  Training: 5 epochs, 108 batches/epoch
  Epoch [1/5]  avg_loss=0.062007
  Epoch [2/5]  avg_loss=0.041750
  Epoch [3/5]  avg_loss=0.035614
  Epoch [4/5]  avg_loss=0.030287
  Epoch [5/5]  avg_loss=0.026738
  Evaluating on val split: 27 batches
  Metrics: SAM=0.1465  ERGAS=6.6416  CC=0.9270  SSIM=0.8541  SF=0.0913  SD=0.0074  n_params=768,3
  -> objectives: SAM=0.1465  ERGAS=6.6416  CC=0.9270  SSIM=0.8541  n_params=768,336

[Individual 2/10]
  pan_ch=44 (raw=50)  ms_ch=55 (raw=62)  head_ch=11  dropout=0.083  lr=8.44e-04

[train_and_evaluate] Params: {'pan_target_channel': 44, 'ms_target_channel': 55, 'head_channel':
  Device: cuda
  Loading data (train+val split from train_path)...
  [load_dataset] ../datav1/valid_wv3.h5
    pan: (1080, 1, 64, 64)  ms: (1080, 8, 16, 16)  lms: (1080, 8, 64, 64)  gt: (1080, 8, 64, 64)
  Split: 864 train  /  216 val  (total 1080)
  Model parameters: 1,441,980
  Training: 5 epochs, 108 batches/epoch
  Epoch [1/5]  avg_loss=0.040913
  Epoch [2/5]  avg_loss=0.022577
  Epoch [3/5]  avg_loss=0.018738
  Epoch [4/5]  avg_loss=0.017009
  Epoch [5/5]  avg_loss=0.015840
  Evaluating on val split: 27 batches
  Metrics: SAM=0.0961  ERGAS=4.0505  CC=0.9719  SSIM=0.9611  SF=0.0894  SD=0.0025  n_params=1,441
  -> objectives: SAM=0.0961  ERGAS=4.0505  CC=0.9719  SSIM=0.9611  n_params=1,441,980

[Individual 3/10]
  pan_ch=50 (raw=51)  ms_ch=30 (raw=38)  head_ch=10  dropout=0.057  lr=1.86e-04

[train_and_evaluate] Params: {'pan_target_channel': 50, 'ms_target_channel': 30, 'head_channel':
  Device: cuda
  Loading data (train+val split from train_path)...
  [load_dataset] ../datav1/valid_wv3.h5
    pan: (1080, 1, 64, 64)  ms: (1080, 8, 16, 16)  lms: (1080, 8, 64, 64)  gt: (1080, 8, 64, 64)
  Split: 864 train  /  216 val  (total 1080)
  Model parameters: 554,178
  Training: 5 epochs, 108 batches/epoch
  Epoch [1/5]  avg_loss=0.057866
  Epoch [2/5]  avg_loss=0.036747
  Epoch [3/5]  avg_loss=0.028631
  Epoch [4/5]  avg_loss=0.025402
  Epoch [5/5]  avg_loss=0.023527
  Evaluating on val split: 27 batches
  Metrics: SAM=0.1329  ERGAS=5.9955  CC=0.9405  SSIM=0.8956  SF=0.0915  SD=0.0076  n_params=554,1
  -> objectives: SAM=0.1329  ERGAS=5.9955  CC=0.9405  SSIM=0.8956  n_params=554,178

[Individual 4/10]
  pan_ch=39 (raw=40)  ms_ch=13 (raw=18)  head_ch=13  dropout=0.147  lr=1.09e-04

[train_and_evaluate] Params: {'pan_target_channel': 39, 'ms_target_channel': 13, 'head_channel':
  Device: cuda
  Loading data (train+val split from train_path)...
  [load_dataset] ../datav1/valid_wv3.h5
    pan: (1080, 1, 64, 64)  ms: (1080, 8, 16, 16)  lms: (1080, 8, 64, 64)  gt: (1080, 8, 64, 64)
  Split: 864 train  /  216 val  (total 1080)
  Model parameters: 174,444
  Training: 5 epochs, 108 batches/epoch
  Epoch [1/5]  avg_loss=0.077128
  Epoch [2/5]  avg_loss=0.046619
  Epoch [3/5]  avg_loss=0.041256
  Epoch [4/5]  avg_loss=0.036551
  Epoch [5/5]  avg_loss=0.031608
  Evaluating on val split: 27 batches
  Metrics: SAM=0.1756  ERGAS=7.5098  CC=0.9077  SSIM=0.7998  SF=0.0963  SD=0.0062  n_params=174,4
  -> objectives: SAM=0.1756  ERGAS=7.5098  CC=0.9077  SSIM=0.7998  n_params=174,444

[Individual 5/10]
  pan_ch=44 (raw=46)  ms_ch=55 (raw=63)  head_ch=11  dropout=0.180  lr=8.56e-04

[train_and_evaluate] Params: {'pan_target_channel': 44, 'ms_target_channel': 55, 'head_channel':
  Device: cuda
  Loading data (train+val split from train_path)...
  [load_dataset] ../datav1/valid_wv3.h5
    pan: (1080, 1, 64, 64)  ms: (1080, 8, 16, 16)  lms: (1080, 8, 64, 64)  gt: (1080, 8, 64, 64)
  Split: 864 train  /  216 val  (total 1080)
  Model parameters: 1,441,980
  Training: 5 epochs, 108 batches/epoch
  Epoch [1/5]  avg_loss=0.040629
  Epoch [2/5]  avg_loss=0.022935
  Epoch [3/5]  avg_loss=0.019344
  Epoch [4/5]  avg_loss=0.017571
  Epoch [5/5]  avg_loss=0.016099
  Evaluating on val split: 27 batches
  Metrics: SAM=0.0980  ERGAS=4.1582  CC=0.9703  SSIM=0.9574  SF=0.0873  SD=0.0039  n_params=1,441
  -> objectives: SAM=0.0980  ERGAS=4.1582  CC=0.9703  SSIM=0.9574  n_params=1,441,980

[Individual 6/10]
  pan_ch=49 (raw=50)  ms_ch=14 (raw=18)  head_ch=7  dropout=0.057  lr=9.51e-04

[train_and_evaluate] Params: {'pan_target_channel': 49, 'ms_target_channel': 14, 'head_channel':
  Device: cuda
  Loading data (train+val split from train_path)...
  [load_dataset] ../datav1/valid_wv3.h5
    pan: (1080, 1, 64, 64)  ms: (1080, 8, 16, 16)  lms: (1080, 8, 64, 64)  gt: (1080, 8, 64, 64)
  Split: 864 train  /  216 val  (total 1080)
  Model parameters: 235,491
  Training: 5 epochs, 108 batches/epoch
  Epoch [1/5]  avg_loss=0.039977
  Epoch [2/5]  avg_loss=0.023298
  Epoch [3/5]  avg_loss=0.020450
  Epoch [4/5]  avg_loss=0.018531
  Epoch [5/5]  avg_loss=0.017353
  Evaluating on val split: 27 batches
  Metrics: SAM=0.1005  ERGAS=4.5650  CC=0.9653  SSIM=0.9560  SF=0.0906  SD=0.0026  n_params=235,4
  -> objectives: SAM=0.1005  ERGAS=4.5650  CC=0.9653  SSIM=0.9560  n_params=235,491

[Individual 7/10]
  pan_ch=48 (raw=52)  ms_ch=36 (raw=42)  head_ch=12  dropout=0.286  lr=9.36e-04

[train_and_evaluate] Params: {'pan_target_channel': 48, 'ms_target_channel': 36, 'head_channel':
  Device: cuda
  Loading data (train+val split from train_path)...
  [load_dataset] ../datav1/valid_wv3.h5
    pan: (1080, 1, 64, 64)  ms: (1080, 8, 16, 16)  lms: (1080, 8, 64, 64)  gt: (1080, 8, 64, 64)
  Split: 864 train  /  216 val  (total 1080)
  Model parameters: 716,746
  Training: 5 epochs, 108 batches/epoch
  Epoch [1/5]  avg_loss=0.040262
  Epoch [2/5]  avg_loss=0.022987
  Epoch [3/5]  avg_loss=0.019476
  Epoch [4/5]  avg_loss=0.017497
  Epoch [5/5]  avg_loss=0.016487
  Evaluating on val split: 27 batches
  Metrics: SAM=0.0992  ERGAS=4.3074  CC=0.9695  SSIM=0.9574  SF=0.0839  SD=0.0057  n_params=716,7
  -> objectives: SAM=0.0992  ERGAS=4.3074  CC=0.9695  SSIM=0.9574  n_params=716,746

[Individual 8/10]
  pan_ch=30 (raw=39)  ms_ch=10 (raw=18)  head_ch=10  dropout=0.086  lr=1.13e-04

[train_and_evaluate] Params: {'pan_target_channel': 30, 'ms_target_channel': 10, 'head_channel':
  Device: cuda
  Loading data (train+val split from train_path)...
  [load_dataset] ../datav1/valid_wv3.h5
    pan: (1080, 1, 64, 64)  ms: (1080, 8, 16, 16)  lms: (1080, 8, 64, 64)  gt: (1080, 8, 64, 64)
  Split: 864 train  /  216 val  (total 1080)
  Model parameters: 109,758
  Training: 5 epochs, 108 batches/epoch
  Epoch [1/5]  avg_loss=0.068993
  Epoch [2/5]  avg_loss=0.045044
  Epoch [3/5]  avg_loss=0.040248
  Epoch [4/5]  avg_loss=0.035608
  Epoch [5/5]  avg_loss=0.030410
  Evaluating on val split: 27 batches
  Metrics: SAM=0.1653  ERGAS=7.2764  CC=0.9107  SSIM=0.8082  SF=0.0901  SD=0.0087  n_params=109,7
  -> objectives: SAM=0.1653  ERGAS=7.2764  CC=0.9107  SSIM=0.8082  n_params=109,758

[Individual 9/10]
  pan_ch=49 (raw=50)  ms_ch=35 (raw=41)  head_ch=7  dropout=0.057  lr=9.83e-04

[train_and_evaluate] Params: {'pan_target_channel': 49, 'ms_target_channel': 35, 'head_channel':
  Device: cuda
  Loading data (train+val split from train_path)...
  [load_dataset] ../datav1/valid_wv3.h5
    pan: (1080, 1, 64, 64)  ms: (1080, 8, 16, 16)  lms: (1080, 8, 64, 64)  gt: (1080, 8, 64, 64)
  Split: 864 train  /  216 val  (total 1080)
  Model parameters: 688,510
  Training: 5 epochs, 108 batches/epoch
  Epoch [1/5]  avg_loss=0.040897
  Epoch [2/5]  avg_loss=0.023013
  Epoch [3/5]  avg_loss=0.019579
  Epoch [4/5]  avg_loss=0.017325
  Epoch [5/5]  avg_loss=0.016306
  Evaluating on val split: 27 batches
  Metrics: SAM=0.0978  ERGAS=4.4527  CC=0.9674  SSIM=0.9564  SF=0.0825  SD=0.0045  n_params=688,5
  -> objectives: SAM=0.0978  ERGAS=4.4527  CC=0.9674  SSIM=0.9564  n_params=688,510

[Individual 10/10]
  pan_ch=36 (raw=39)  ms_ch=12 (raw=17)  head_ch=12  dropout=0.087  lr=8.26e-04

[train_and_evaluate] Params: {'pan_target_channel': 36, 'ms_target_channel': 12, 'head_channel':
  Device: cuda
  Loading data (train+val split from train_path)...
  [load_dataset] ../datav1/valid_wv3.h5
    pan: (1080, 1, 64, 64)  ms: (1080, 8, 16, 16)  lms: (1080, 8, 64, 64)  gt: (1080, 8, 64, 64)
  Split: 864 train  /  216 val  (total 1080)
  Model parameters: 151,690
  Training: 5 epochs, 108 batches/epoch
  Epoch [1/5]  avg_loss=0.047133
  Epoch [2/5]  avg_loss=0.025713
  Epoch [3/5]  avg_loss=0.021610
  Epoch [4/5]  avg_loss=0.019750
  Epoch [5/5]  avg_loss=0.018696
  Evaluating on val split: 27 batches
  Metrics: SAM=0.1072  ERGAS=4.8960  CC=0.9596  SSIM=0.9481  SF=0.0885  SD=0.0057  n_params=151,6
  -> objectives: SAM=0.1072  ERGAS=4.8960  CC=0.9596  SSIM=0.9481  n_params=151,690
     6 |       60 |     10 |  0.0877843536 |         ideal

============================================================
[NSGA-2] Evaluating 10 individual(s)
============================================================

[Individual 1/10]
  pan_ch=50 (raw=54)  ms_ch=40 (raw=44)  head_ch=10  dropout=0.292  lr=9.44e-04

[train_and_evaluate] Params: {'pan_target_channel': 50, 'ms_target_channel': 40, 'head_channel':
  Device: cuda
  Loading data (train+val split from train_path)...
  [load_dataset] ../datav1/valid_wv3.h5
    pan: (1080, 1, 64, 64)  ms: (1080, 8, 16, 16)  lms: (1080, 8, 64, 64)  gt: (1080, 8, 64, 64)
  Split: 864 train  /  216 val  (total 1080)
  Model parameters: 860,118
  Training: 5 epochs, 108 batches/epoch
  Epoch [1/5]  avg_loss=0.039593
  Epoch [2/5]  avg_loss=0.022658
  Epoch [3/5]  avg_loss=0.019143
  Epoch [4/5]  avg_loss=0.017327
  Epoch [5/5]  avg_loss=0.016167
  Evaluating on val split: 27 batches
  Metrics: SAM=0.0977  ERGAS=4.4912  CC=0.9673  SSIM=0.9595  SF=0.0894  SD=0.0047  n_params=860,1
  -> objectives: SAM=0.0977  ERGAS=4.4912  CC=0.9673  SSIM=0.9595  n_params=860,118

[Individual 2/10]
  pan_ch=48 (raw=50)  ms_ch=48 (raw=57)  head_ch=12  dropout=0.086  lr=1.13e-04

[train_and_evaluate] Params: {'pan_target_channel': 48, 'ms_target_channel': 48, 'head_channel':
  Device: cuda
  Loading data (train+val split from train_path)...
  [load_dataset] ../datav1/valid_wv3.h5
    pan: (1080, 1, 64, 64)  ms: (1080, 8, 16, 16)  lms: (1080, 8, 64, 64)  gt: (1080, 8, 64, 64)
  Split: 864 train  /  216 val  (total 1080)
  Model parameters: 1,154,902
  Training: 5 epochs, 108 batches/epoch
  Epoch [1/5]  avg_loss=0.065672
  Epoch [2/5]  avg_loss=0.041500
  Epoch [3/5]  avg_loss=0.035026
  Epoch [4/5]  avg_loss=0.030325
  Epoch [5/5]  avg_loss=0.027429
  Evaluating on val split: 27 batches
  Metrics: SAM=0.1510  ERGAS=6.9807  CC=0.9218  SSIM=0.8476  SF=0.0910  SD=0.0070  n_params=1,154
  -> objectives: SAM=0.1510  ERGAS=6.9807  CC=0.9218  SSIM=0.8476  n_params=1,154,902

[Individual 3/10]
  pan_ch=44 (raw=50)  ms_ch=55 (raw=62)  head_ch=11  dropout=0.088  lr=8.44e-04

[train_and_evaluate] Params: {'pan_target_channel': 44, 'ms_target_channel': 55, 'head_channel':
  Device: cuda
  Loading data (train+val split from train_path)...
  [load_dataset] ../datav1/valid_wv3.h5
    pan: (1080, 1, 64, 64)  ms: (1080, 8, 16, 16)  lms: (1080, 8, 64, 64)  gt: (1080, 8, 64, 64)
  Split: 864 train  /  216 val  (total 1080)
  Model parameters: 1,441,980
  Training: 5 epochs, 108 batches/epoch
  Epoch [1/5]  avg_loss=0.039410
  Epoch [2/5]  avg_loss=0.022595
  Epoch [3/5]  avg_loss=0.018852
  Epoch [4/5]  avg_loss=0.017058
  Epoch [5/5]  avg_loss=0.016042
  Evaluating on val split: 27 batches
  Metrics: SAM=0.0976  ERGAS=4.1160  CC=0.9703  SSIM=0.9601  SF=0.0927  SD=0.0015  n_params=1,441
  -> objectives: SAM=0.0976  ERGAS=4.1160  CC=0.9703  SSIM=0.9601  n_params=1,441,980

[Individual 4/10]
  pan_ch=40 (raw=46)  ms_ch=60 (raw=60)  head_ch=10  dropout=0.147  lr=8.56e-04

[train_and_evaluate] Params: {'pan_target_channel': 40, 'ms_target_channel': 60, 'head_channel':
  Device: cuda
  Loading data (train+val split from train_path)...
  [load_dataset] ../datav1/valid_wv3.h5
    pan: (1080, 1, 64, 64)  ms: (1080, 8, 16, 16)  lms: (1080, 8, 64, 64)  gt: (1080, 8, 64, 64)
  Split: 864 train  /  216 val  (total 1080)
  Model parameters: 1,674,978
  Training: 5 epochs, 108 batches/epoch
  Epoch [1/5]  avg_loss=0.039528
  Epoch [2/5]  avg_loss=0.022734
  Epoch [3/5]  avg_loss=0.018855
  Epoch [4/5]  avg_loss=0.016988
  Epoch [5/5]  avg_loss=0.015768
  Evaluating on val split: 27 batches
  Metrics: SAM=0.0965  ERGAS=4.2609  CC=0.9691  SSIM=0.9583  SF=0.0859  SD=0.0045  n_params=1,674
  -> objectives: SAM=0.0965  ERGAS=4.2609  CC=0.9691  SSIM=0.9583  n_params=1,674,978

[Individual 5/10]
  pan_ch=44 (raw=50)  ms_ch=55 (raw=60)  head_ch=11  dropout=0.075  lr=8.36e-04

[train_and_evaluate] Params: {'pan_target_channel': 44, 'ms_target_channel': 55, 'head_channel':
  Device: cuda
  Loading data (train+val split from train_path)...
  [load_dataset] ../datav1/valid_wv3.h5
    pan: (1080, 1, 64, 64)  ms: (1080, 8, 16, 16)  lms: (1080, 8, 64, 64)  gt: (1080, 8, 64, 64)
  Split: 864 train  /  216 val  (total 1080)
  Model parameters: 1,441,980
  Training: 5 epochs, 108 batches/epoch
  Epoch [1/5]  avg_loss=0.040466
  Epoch [2/5]  avg_loss=0.022851
  Epoch [3/5]  avg_loss=0.019096
  Epoch [4/5]  avg_loss=0.017013
  Epoch [5/5]  avg_loss=0.016155
  Evaluating on val split: 27 batches
  Metrics: SAM=0.0962  ERGAS=4.1167  CC=0.9696  SSIM=0.9601  SF=0.0883  SD=0.0038  n_params=1,441
  -> objectives: SAM=0.0962  ERGAS=4.1167  CC=0.9696  SSIM=0.9601  n_params=1,441,980

[Individual 6/10]
  pan_ch=32 (raw=39)  ms_ch=16 (raw=17)  head_ch=8  dropout=0.083  lr=8.56e-04

[train_and_evaluate] Params: {'pan_target_channel': 32, 'ms_target_channel': 16, 'head_channel':
  Device: cuda
  Loading data (train+val split from train_path)...
  [load_dataset] ../datav1/valid_wv3.h5
    pan: (1080, 1, 64, 64)  ms: (1080, 8, 16, 16)  lms: (1080, 8, 64, 64)  gt: (1080, 8, 64, 64)
  Split: 864 train  /  216 val  (total 1080)
  Model parameters: 187,734
  Training: 5 epochs, 108 batches/epoch
  Epoch [1/5]  avg_loss=0.040544
  Epoch [2/5]  avg_loss=0.023992
  Epoch [3/5]  avg_loss=0.020622
  Epoch [4/5]  avg_loss=0.019024
  Epoch [5/5]  avg_loss=0.017862
  Evaluating on val split: 27 batches
  Metrics: SAM=0.1045  ERGAS=4.7231  CC=0.9630  SSIM=0.9519  SF=0.0867  SD=0.0056  n_params=187,7
  -> objectives: SAM=0.1045  ERGAS=4.7231  CC=0.9630  SSIM=0.9519  n_params=187,734

[Individual 7/10]
  pan_ch=44 (raw=52)  ms_ch=33 (raw=40)  head_ch=11  dropout=0.293  lr=9.36e-04

[train_and_evaluate] Params: {'pan_target_channel': 44, 'ms_target_channel': 33, 'head_channel':
  Device: cuda
  Loading data (train+val split from train_path)...
  [load_dataset] ../datav1/valid_wv3.h5
    pan: (1080, 1, 64, 64)  ms: (1080, 8, 16, 16)  lms: (1080, 8, 64, 64)  gt: (1080, 8, 64, 64)
  Split: 864 train  /  216 val  (total 1080)
  Model parameters: 603,494
  Training: 5 epochs, 108 batches/epoch
  Epoch [1/5]  avg_loss=0.039373
  Epoch [2/5]  avg_loss=0.022604
  Epoch [3/5]  avg_loss=0.019180
  Epoch [4/5]  avg_loss=0.017600
  Epoch [5/5]  avg_loss=0.016272
  Evaluating on val split: 27 batches
  Metrics: SAM=0.0962  ERGAS=4.1542  CC=0.9706  SSIM=0.9602  SF=0.0879  SD=0.0036  n_params=603,4
  -> objectives: SAM=0.0962  ERGAS=4.1542  CC=0.9706  SSIM=0.9602  n_params=603,494

[Individual 8/10]
  pan_ch=33 (raw=39)  ms_ch=11 (raw=18)  head_ch=11  dropout=0.086  lr=1.13e-04

[train_and_evaluate] Params: {'pan_target_channel': 33, 'ms_target_channel': 11, 'head_channel':
  Device: cuda
  Loading data (train+val split from train_path)...
  [load_dataset] ../datav1/valid_wv3.h5
    pan: (1080, 1, 64, 64)  ms: (1080, 8, 16, 16)  lms: (1080, 8, 64, 64)  gt: (1080, 8, 64, 64)
  Split: 864 train  /  216 val  (total 1080)
  Model parameters: 128,998
  Training: 5 epochs, 108 batches/epoch
  Epoch [1/5]  avg_loss=0.067063
  Epoch [2/5]  avg_loss=0.044795
  Epoch [3/5]  avg_loss=0.039293
  Epoch [4/5]  avg_loss=0.034352
  Epoch [5/5]  avg_loss=0.030298
  Evaluating on val split: 27 batches
  Metrics: SAM=0.1694  ERGAS=7.3409  CC=0.9115  SSIM=0.8079  SF=0.0912  SD=0.0075  n_params=128,9
  -> objectives: SAM=0.1694  ERGAS=7.3409  CC=0.9115  SSIM=0.8079  n_params=128,998

[Individual 9/10]
  pan_ch=49 (raw=50)  ms_ch=35 (raw=41)  head_ch=7  dropout=0.055  lr=8.88e-04

[train_and_evaluate] Params: {'pan_target_channel': 49, 'ms_target_channel': 35, 'head_channel':
  Device: cuda
  Loading data (train+val split from train_path)...
  [load_dataset] ../datav1/valid_wv3.h5
    pan: (1080, 1, 64, 64)  ms: (1080, 8, 16, 16)  lms: (1080, 8, 64, 64)  gt: (1080, 8, 64, 64)
  Split: 864 train  /  216 val  (total 1080)
  Model parameters: 688,510
  Training: 5 epochs, 108 batches/epoch
  Epoch [1/5]  avg_loss=0.039652
  Epoch [2/5]  avg_loss=0.022000
  Epoch [3/5]  avg_loss=0.019104
  Epoch [4/5]  avg_loss=0.017262
  Epoch [5/5]  avg_loss=0.016181
  Evaluating on val split: 27 batches
  Metrics: SAM=0.0953  ERGAS=4.2555  CC=0.9700  SSIM=0.9568  SF=0.0835  SD=0.0055  n_params=688,5
  -> objectives: SAM=0.0953  ERGAS=4.2555  CC=0.9700  SSIM=0.9568  n_params=688,510

[Individual 10/10]
  pan_ch=44 (raw=46)  ms_ch=55 (raw=60)  head_ch=11  dropout=0.148  lr=8.57e-04

[train_and_evaluate] Params: {'pan_target_channel': 44, 'ms_target_channel': 55, 'head_channel':
  Device: cuda
  Loading data (train+val split from train_path)...
  [load_dataset] ../datav1/valid_wv3.h5
    pan: (1080, 1, 64, 64)  ms: (1080, 8, 16, 16)  lms: (1080, 8, 64, 64)  gt: (1080, 8, 64, 64)
  Split: 864 train  /  216 val  (total 1080)
  Model parameters: 1,441,980
  Training: 5 epochs, 108 batches/epoch
  Epoch [1/5]  avg_loss=0.041929
  Epoch [2/5]  avg_loss=0.023182
  Epoch [3/5]  avg_loss=0.019363
  Epoch [4/5]  avg_loss=0.016980
  Epoch [5/5]  avg_loss=0.015946
  Evaluating on val split: 27 batches
  Metrics: SAM=0.0952  ERGAS=4.0761  CC=0.9719  SSIM=0.9612  SF=0.0881  SD=0.0031  n_params=1,441
  -> objectives: SAM=0.0952  ERGAS=4.0761  CC=0.9719  SSIM=0.9612  n_params=1,441,980
     7 |       70 |     10 |  0.1022454620 |         ideal

============================================================
[NSGA-2] Evaluating 10 individual(s)
============================================================

[Individual 1/10]
  pan_ch=44 (raw=46)  ms_ch=55 (raw=57)  head_ch=11  dropout=0.148  lr=8.57e-04

[train_and_evaluate] Params: {'pan_target_channel': 44, 'ms_target_channel': 55, 'head_channel':
  Device: cuda
  Loading data (train+val split from train_path)...
  [load_dataset] ../datav1/valid_wv3.h5
    pan: (1080, 1, 64, 64)  ms: (1080, 8, 16, 16)  lms: (1080, 8, 64, 64)  gt: (1080, 8, 64, 64)
  Split: 864 train  /  216 val  (total 1080)
  Model parameters: 1,441,980
  Training: 5 epochs, 108 batches/epoch
  Epoch [1/5]  avg_loss=0.039847
  Epoch [2/5]  avg_loss=0.022552
  Epoch [3/5]  avg_loss=0.019156
  Epoch [4/5]  avg_loss=0.017173
  Epoch [5/5]  avg_loss=0.016247
  Evaluating on val split: 27 batches
  Metrics: SAM=0.0973  ERGAS=4.2262  CC=0.9702  SSIM=0.9552  SF=0.0857  SD=0.0041  n_params=1,441
  -> objectives: SAM=0.0973  ERGAS=4.2262  CC=0.9702  SSIM=0.9552  n_params=1,441,980

[Individual 2/10]
  pan_ch=44 (raw=50)  ms_ch=55 (raw=60)  head_ch=11  dropout=0.088  lr=8.29e-04

[train_and_evaluate] Params: {'pan_target_channel': 44, 'ms_target_channel': 55, 'head_channel':
  Device: cuda
  Loading data (train+val split from train_path)...
  [load_dataset] ../datav1/valid_wv3.h5
    pan: (1080, 1, 64, 64)  ms: (1080, 8, 16, 16)  lms: (1080, 8, 64, 64)  gt: (1080, 8, 64, 64)
  Split: 864 train  /  216 val  (total 1080)
  Model parameters: 1,441,980
  Training: 5 epochs, 108 batches/epoch
  Epoch [1/5]  avg_loss=0.040701
  Epoch [2/5]  avg_loss=0.023379
  Epoch [3/5]  avg_loss=0.019818
  Epoch [4/5]  avg_loss=0.017580
  Epoch [5/5]  avg_loss=0.016299
  Evaluating on val split: 27 batches
  Metrics: SAM=0.0988  ERGAS=4.2430  CC=0.9698  SSIM=0.9558  SF=0.0880  SD=0.0032  n_params=1,441
  -> objectives: SAM=0.0988  ERGAS=4.2430  CC=0.9698  SSIM=0.9558  n_params=1,441,980

[Individual 3/10]
  pan_ch=44 (raw=52)  ms_ch=33 (raw=41)  head_ch=11  dropout=0.291  lr=9.36e-04

[train_and_evaluate] Params: {'pan_target_channel': 44, 'ms_target_channel': 33, 'head_channel':
  Device: cuda
  Loading data (train+val split from train_path)...
  [load_dataset] ../datav1/valid_wv3.h5
    pan: (1080, 1, 64, 64)  ms: (1080, 8, 16, 16)  lms: (1080, 8, 64, 64)  gt: (1080, 8, 64, 64)
  Split: 864 train  /  216 val  (total 1080)
  Model parameters: 603,494
  Training: 5 epochs, 108 batches/epoch
  Epoch [1/5]  avg_loss=0.039997
  Epoch [2/5]  avg_loss=0.022985
  Epoch [3/5]  avg_loss=0.019537
  Epoch [4/5]  avg_loss=0.017515
  Epoch [5/5]  avg_loss=0.016714
  Evaluating on val split: 27 batches
  Metrics: SAM=0.0996  ERGAS=4.4597  CC=0.9683  SSIM=0.9574  SF=0.0894  SD=0.0039  n_params=603,4
  -> objectives: SAM=0.0996  ERGAS=4.4597  CC=0.9683  SSIM=0.9574  n_params=603,494

[Individual 4/10]
  pan_ch=39 (raw=40)  ms_ch=13 (raw=18)  head_ch=13  dropout=0.147  lr=1.09e-04

[train_and_evaluate] Params: {'pan_target_channel': 39, 'ms_target_channel': 13, 'head_channel':
  Device: cuda
  Loading data (train+val split from train_path)...
  [load_dataset] ../datav1/valid_wv3.h5
    pan: (1080, 1, 64, 64)  ms: (1080, 8, 16, 16)  lms: (1080, 8, 64, 64)  gt: (1080, 8, 64, 64)
  Split: 864 train  /  216 val  (total 1080)
  Model parameters: 174,444
  Training: 5 epochs, 108 batches/epoch
  Epoch [1/5]  avg_loss=0.070037
  Epoch [2/5]  avg_loss=0.044743
  Epoch [3/5]  avg_loss=0.038695
  Epoch [4/5]  avg_loss=0.032790
  Epoch [5/5]  avg_loss=0.029139
  Evaluating on val split: 27 batches
  Metrics: SAM=0.1643  ERGAS=7.1313  CC=0.9185  SSIM=0.8250  SF=0.0967  SD=0.0058  n_params=174,4
  -> objectives: SAM=0.1643  ERGAS=7.1313  CC=0.9185  SSIM=0.8250  n_params=174,444

[Individual 5/10]
  pan_ch=44 (raw=46)  ms_ch=55 (raw=60)  head_ch=11  dropout=0.103  lr=8.56e-04

[train_and_evaluate] Params: {'pan_target_channel': 44, 'ms_target_channel': 55, 'head_channel':
  Device: cuda
  Loading data (train+val split from train_path)...
  [load_dataset] ../datav1/valid_wv3.h5
    pan: (1080, 1, 64, 64)  ms: (1080, 8, 16, 16)  lms: (1080, 8, 64, 64)  gt: (1080, 8, 64, 64)
  Split: 864 train  /  216 val  (total 1080)
  Model parameters: 1,441,980
  Training: 5 epochs, 108 batches/epoch
  Epoch [1/5]  avg_loss=0.039512
  Epoch [2/5]  avg_loss=0.022403
  Epoch [3/5]  avg_loss=0.018817
  Epoch [4/5]  avg_loss=0.016946
  Epoch [5/5]  avg_loss=0.015878
  Evaluating on val split: 27 batches
  Metrics: SAM=0.0947  ERGAS=4.1444  CC=0.9691  SSIM=0.9589  SF=0.0890  SD=0.0042  n_params=1,441
  -> objectives: SAM=0.0947  ERGAS=4.1444  CC=0.9691  SSIM=0.9589  n_params=1,441,980

[Individual 6/10]
  pan_ch=48 (raw=50)  ms_ch=60 (raw=60)  head_ch=12  dropout=0.083  lr=8.44e-04

[train_and_evaluate] Params: {'pan_target_channel': 48, 'ms_target_channel': 60, 'head_channel':
  Device: cuda
  Loading data (train+val split from train_path)...
  [load_dataset] ../datav1/valid_wv3.h5
    pan: (1080, 1, 64, 64)  ms: (1080, 8, 16, 16)  lms: (1080, 8, 64, 64)  gt: (1080, 8, 64, 64)
  Split: 864 train  /  216 val  (total 1080)
  Model parameters: 1,715,026
  Training: 5 epochs, 108 batches/epoch
  Epoch [1/5]  avg_loss=0.039160
  Epoch [2/5]  avg_loss=0.022487
  Epoch [3/5]  avg_loss=0.018634
  Epoch [4/5]  avg_loss=0.017142
  Epoch [5/5]  avg_loss=0.016088
  Evaluating on val split: 27 batches
  Metrics: SAM=0.0980  ERGAS=4.2278  CC=0.9686  SSIM=0.9574  SF=0.0886  SD=0.0030  n_params=1,715
  -> objectives: SAM=0.0980  ERGAS=4.2278  CC=0.9686  SSIM=0.9574  n_params=1,715,026

[Individual 7/10]
  pan_ch=44 (raw=47)  ms_ch=55 (raw=62)  head_ch=11  dropout=0.202  lr=8.56e-04

[train_and_evaluate] Params: {'pan_target_channel': 44, 'ms_target_channel': 55, 'head_channel':
  Device: cuda
  Loading data (train+val split from train_path)...
  [load_dataset] ../datav1/valid_wv3.h5
    pan: (1080, 1, 64, 64)  ms: (1080, 8, 16, 16)  lms: (1080, 8, 64, 64)  gt: (1080, 8, 64, 64)
  Split: 864 train  /  216 val  (total 1080)
  Model parameters: 1,441,980
  Training: 5 epochs, 108 batches/epoch
  Epoch [1/5]  avg_loss=0.039189
  Epoch [2/5]  avg_loss=0.022313
  Epoch [3/5]  avg_loss=0.018760
  Epoch [4/5]  avg_loss=0.016660
  Epoch [5/5]  avg_loss=0.015722
  Evaluating on val split: 27 batches
  Metrics: SAM=0.0938  ERGAS=4.1967  CC=0.9703  SSIM=0.9596  SF=0.0888  SD=0.0039  n_params=1,441
  -> objectives: SAM=0.0938  ERGAS=4.1967  CC=0.9703  SSIM=0.9596  n_params=1,441,980

[Individual 8/10]
  pan_ch=44 (raw=50)  ms_ch=55 (raw=62)  head_ch=11  dropout=0.088  lr=8.44e-04

[train_and_evaluate] Params: {'pan_target_channel': 44, 'ms_target_channel': 55, 'head_channel':
  Device: cuda
  Loading data (train+val split from train_path)...
  [load_dataset] ../datav1/valid_wv3.h5
    pan: (1080, 1, 64, 64)  ms: (1080, 8, 16, 16)  lms: (1080, 8, 64, 64)  gt: (1080, 8, 64, 64)
  Split: 864 train  /  216 val  (total 1080)
  Model parameters: 1,441,980
  Training: 5 epochs, 108 batches/epoch
  Epoch [1/5]  avg_loss=0.039103
  Epoch [2/5]  avg_loss=0.022201
  Epoch [3/5]  avg_loss=0.018924
  Epoch [4/5]  avg_loss=0.016986
  Epoch [5/5]  avg_loss=0.015703
  Evaluating on val split: 27 batches
  Metrics: SAM=0.0931  ERGAS=3.9824  CC=0.9726  SSIM=0.9604  SF=0.0881  SD=0.0032  n_params=1,441
  -> objectives: SAM=0.0931  ERGAS=3.9824  CC=0.9726  SSIM=0.9604  n_params=1,441,980

[Individual 9/10]
  pan_ch=50 (raw=51)  ms_ch=40 (raw=42)  head_ch=10  dropout=0.286  lr=9.36e-04

[train_and_evaluate] Params: {'pan_target_channel': 50, 'ms_target_channel': 40, 'head_channel':
  Device: cuda
  Loading data (train+val split from train_path)...
  [load_dataset] ../datav1/valid_wv3.h5
    pan: (1080, 1, 64, 64)  ms: (1080, 8, 16, 16)  lms: (1080, 8, 64, 64)  gt: (1080, 8, 64, 64)
  Split: 864 train  /  216 val  (total 1080)
  Model parameters: 860,118
  Training: 5 epochs, 108 batches/epoch
  Epoch [1/5]  avg_loss=0.038277
  Epoch [2/5]  avg_loss=0.022649
  Epoch [3/5]  avg_loss=0.019257
  Epoch [4/5]  avg_loss=0.017619
  Epoch [5/5]  avg_loss=0.016435
  Evaluating on val split: 27 batches
  Metrics: SAM=0.0973  ERGAS=4.2309  CC=0.9698  SSIM=0.9575  SF=0.0870  SD=0.0030  n_params=860,1
  -> objectives: SAM=0.0973  ERGAS=4.2309  CC=0.9698  SSIM=0.9575  n_params=860,118

[Individual 10/10]
  pan_ch=48 (raw=50)  ms_ch=48 (raw=57)  head_ch=12  dropout=0.113  lr=9.28e-04

[train_and_evaluate] Params: {'pan_target_channel': 48, 'ms_target_channel': 48, 'head_channel':
  Device: cuda
  Loading data (train+val split from train_path)...
  [load_dataset] ../datav1/valid_wv3.h5
    pan: (1080, 1, 64, 64)  ms: (1080, 8, 16, 16)  lms: (1080, 8, 64, 64)  gt: (1080, 8, 64, 64)
  Split: 864 train  /  216 val  (total 1080)
  Model parameters: 1,154,902
  Training: 5 epochs, 108 batches/epoch
  Epoch [1/5]  avg_loss=0.038721
  Epoch [2/5]  avg_loss=0.021981
  Epoch [3/5]  avg_loss=0.018793
  Epoch [4/5]  avg_loss=0.016674
  Epoch [5/5]  avg_loss=0.015667
  Evaluating on val split: 27 batches
  Metrics: SAM=0.0960  ERGAS=4.0641  CC=0.9711  SSIM=0.9626  SF=0.0882  SD=0.0025  n_params=1,154
  -> objectives: SAM=0.0960  ERGAS=4.0641  CC=0.9711  SSIM=0.9626  n_params=1,154,902
     8 |       80 |     10 |  0.0312512585 |         ideal

============================================================
[NSGA-2] Evaluating 10 individual(s)
============================================================

[Individual 1/10]
  pan_ch=39 (raw=40)  ms_ch=13 (raw=18)  head_ch=13  dropout=0.147  lr=1.22e-04

[train_and_evaluate] Params: {'pan_target_channel': 39, 'ms_target_channel': 13, 'head_channel':
  Device: cuda
  Loading data (train+val split from train_path)...
  [load_dataset] ../datav1/valid_wv3.h5
    pan: (1080, 1, 64, 64)  ms: (1080, 8, 16, 16)  lms: (1080, 8, 64, 64)  gt: (1080, 8, 64, 64)
  Split: 864 train  /  216 val  (total 1080)
  Model parameters: 174,444
  Training: 5 epochs, 108 batches/epoch
  Epoch [1/5]  avg_loss=0.063593
  Epoch [2/5]  avg_loss=0.042587
  Epoch [3/5]  avg_loss=0.037099
  Epoch [4/5]  avg_loss=0.031915
  Epoch [5/5]  avg_loss=0.028559
  Evaluating on val split: 27 batches
  Metrics: SAM=0.1565  ERGAS=7.0166  CC=0.9176  SSIM=0.8380  SF=0.0890  SD=0.0078  n_params=174,4
  -> objectives: SAM=0.1565  ERGAS=7.0166  CC=0.9176  SSIM=0.8380  n_params=174,444

[Individual 2/10]
  pan_ch=44 (raw=50)  ms_ch=55 (raw=62)  head_ch=11  dropout=0.072  lr=8.44e-04

[train_and_evaluate] Params: {'pan_target_channel': 44, 'ms_target_channel': 55, 'head_channel':
  Device: cuda
  Loading data (train+val split from train_path)...
  [load_dataset] ../datav1/valid_wv3.h5
    pan: (1080, 1, 64, 64)  ms: (1080, 8, 16, 16)  lms: (1080, 8, 64, 64)  gt: (1080, 8, 64, 64)
  Split: 864 train  /  216 val  (total 1080)
  Model parameters: 1,441,980
  Training: 5 epochs, 108 batches/epoch
  Epoch [1/5]  avg_loss=0.040807
  Epoch [2/5]  avg_loss=0.022675
  Epoch [3/5]  avg_loss=0.019260
  Epoch [4/5]  avg_loss=0.017185
  Epoch [5/5]  avg_loss=0.016140
  Evaluating on val split: 27 batches
  Metrics: SAM=0.0973  ERGAS=4.4047  CC=0.9683  SSIM=0.9588  SF=0.0891  SD=0.0030  n_params=1,441
  -> objectives: SAM=0.0973  ERGAS=4.4047  CC=0.9683  SSIM=0.9588  n_params=1,441,980

[Individual 3/10]
  pan_ch=36 (raw=39)  ms_ch=12 (raw=17)  head_ch=12  dropout=0.147  lr=9.20e-04

[train_and_evaluate] Params: {'pan_target_channel': 36, 'ms_target_channel': 12, 'head_channel':
  Device: cuda
  Loading data (train+val split from train_path)...
  [load_dataset] ../datav1/valid_wv3.h5
    pan: (1080, 1, 64, 64)  ms: (1080, 8, 16, 16)  lms: (1080, 8, 64, 64)  gt: (1080, 8, 64, 64)
  Split: 864 train  /  216 val  (total 1080)
  Model parameters: 151,690
  Training: 5 epochs, 108 batches/epoch
  Epoch [1/5]  avg_loss=0.043393
  Epoch [2/5]  avg_loss=0.024944
  Epoch [3/5]  avg_loss=0.021363
  Epoch [4/5]  avg_loss=0.019686
  Epoch [5/5]  avg_loss=0.018435
  Evaluating on val split: 27 batches
  Metrics: SAM=0.1090  ERGAS=4.7714  CC=0.9613  SSIM=0.9488  SF=0.0876  SD=0.0073  n_params=151,6
  -> objectives: SAM=0.1090  ERGAS=4.7714  CC=0.9613  SSIM=0.9488  n_params=151,690

[Individual 4/10]
  pan_ch=44 (raw=50)  ms_ch=55 (raw=62)  head_ch=11  dropout=0.088  lr=8.44e-04

[train_and_evaluate] Params: {'pan_target_channel': 44, 'ms_target_channel': 55, 'head_channel':
  Device: cuda
  Loading data (train+val split from train_path)...
  [load_dataset] ../datav1/valid_wv3.h5
    pan: (1080, 1, 64, 64)  ms: (1080, 8, 16, 16)  lms: (1080, 8, 64, 64)  gt: (1080, 8, 64, 64)
  Split: 864 train  /  216 val  (total 1080)
  Model parameters: 1,441,980
  Training: 5 epochs, 108 batches/epoch
  Epoch [1/5]  avg_loss=0.039523
  Epoch [2/5]  avg_loss=0.022286
  Epoch [3/5]  avg_loss=0.018802
  Epoch [4/5]  avg_loss=0.016873
  Epoch [5/5]  avg_loss=0.016285
  Evaluating on val split: 27 batches
  Metrics: SAM=0.0992  ERGAS=4.3161  CC=0.9700  SSIM=0.9596  SF=0.0913  SD=0.0025  n_params=1,441
  -> objectives: SAM=0.0992  ERGAS=4.3161  CC=0.9700  SSIM=0.9596  n_params=1,441,980

[Individual 5/10]
  pan_ch=30 (raw=39)  ms_ch=10 (raw=18)  head_ch=10  dropout=0.147  lr=1.52e-04

[train_and_evaluate] Params: {'pan_target_channel': 30, 'ms_target_channel': 10, 'head_channel':
  Device: cuda
  Loading data (train+val split from train_path)...
  [load_dataset] ../datav1/valid_wv3.h5
    pan: (1080, 1, 64, 64)  ms: (1080, 8, 16, 16)  lms: (1080, 8, 64, 64)  gt: (1080, 8, 64, 64)
  Split: 864 train  /  216 val  (total 1080)
  Model parameters: 109,758
  Training: 5 epochs, 108 batches/epoch
  Epoch [1/5]  avg_loss=0.059509
  Epoch [2/5]  avg_loss=0.041543
  Epoch [3/5]  avg_loss=0.035093
  Epoch [4/5]  avg_loss=0.029486
  Epoch [5/5]  avg_loss=0.026455
  Evaluating on val split: 27 batches
  Metrics: SAM=0.1447  ERGAS=6.7292  CC=0.9264  SSIM=0.8608  SF=0.0885  SD=0.0084  n_params=109,7
  -> objectives: SAM=0.1447  ERGAS=6.7292  CC=0.9264  SSIM=0.8608  n_params=109,758

[Individual 6/10]
  pan_ch=30 (raw=39)  ms_ch=10 (raw=18)  head_ch=10  dropout=0.074  lr=1.13e-04

[train_and_evaluate] Params: {'pan_target_channel': 30, 'ms_target_channel': 10, 'head_channel':
  Device: cuda
  Loading data (train+val split from train_path)...
  [load_dataset] ../datav1/valid_wv3.h5
    pan: (1080, 1, 64, 64)  ms: (1080, 8, 16, 16)  lms: (1080, 8, 64, 64)  gt: (1080, 8, 64, 64)
  Split: 864 train  /  216 val  (total 1080)
  Model parameters: 109,758
  Training: 5 epochs, 108 batches/epoch
  Epoch [1/5]  avg_loss=0.082194
  Epoch [2/5]  avg_loss=0.047340
  Epoch [3/5]  avg_loss=0.042066
  Epoch [4/5]  avg_loss=0.037578
  Epoch [5/5]  avg_loss=0.033581
  Evaluating on val split: 27 batches
  Metrics: SAM=0.1779  ERGAS=8.1954  CC=0.8907  SSIM=0.7481  SF=0.0901  SD=0.0095  n_params=109,7
  -> objectives: SAM=0.1779  ERGAS=8.1954  CC=0.8907  SSIM=0.7481  n_params=109,758

[Individual 7/10]
  pan_ch=44 (raw=50)  ms_ch=55 (raw=62)  head_ch=11  dropout=0.087  lr=8.44e-04

[train_and_evaluate] Params: {'pan_target_channel': 44, 'ms_target_channel': 55, 'head_channel':
  Device: cuda
  Loading data (train+val split from train_path)...
  [load_dataset] ../datav1/valid_wv3.h5
    pan: (1080, 1, 64, 64)  ms: (1080, 8, 16, 16)  lms: (1080, 8, 64, 64)  gt: (1080, 8, 64, 64)
  Split: 864 train  /  216 val  (total 1080)
  Model parameters: 1,441,980
  Training: 5 epochs, 108 batches/epoch
  Epoch [1/5]  avg_loss=0.039819
  Epoch [2/5]  avg_loss=0.022976
  Epoch [3/5]  avg_loss=0.019394
  Epoch [4/5]  avg_loss=0.017276
  Epoch [5/5]  avg_loss=0.016271
  Evaluating on val split: 27 batches
  Metrics: SAM=0.0961  ERGAS=4.2887  CC=0.9697  SSIM=0.9603  SF=0.0906  SD=0.0015  n_params=1,441
  -> objectives: SAM=0.0961  ERGAS=4.2887  CC=0.9697  SSIM=0.9603  n_params=1,441,980

[Individual 8/10]
  pan_ch=50 (raw=50)  ms_ch=50 (raw=57)  head_ch=10  dropout=0.113  lr=1.29e-04

[train_and_evaluate] Params: {'pan_target_channel': 50, 'ms_target_channel': 50, 'head_channel':
  Device: cuda
  Loading data (train+val split from train_path)...
  [load_dataset] ../datav1/valid_wv3.h5
    pan: (1080, 1, 64, 64)  ms: (1080, 8, 16, 16)  lms: (1080, 8, 64, 64)  gt: (1080, 8, 64, 64)
  Split: 864 train  /  216 val  (total 1080)
  Model parameters: 1,250,758
  Training: 5 epochs, 108 batches/epoch
  Epoch [1/5]  avg_loss=0.057008
  Epoch [2/5]  avg_loss=0.039253
  Epoch [3/5]  avg_loss=0.032346
  Epoch [4/5]  avg_loss=0.027448
  Epoch [5/5]  avg_loss=0.025326
  Evaluating on val split: 27 batches
  Metrics: SAM=0.1412  ERGAS=6.3992  CC=0.9318  SSIM=0.8695  SF=0.0902  SD=0.0090  n_params=1,250
  -> objectives: SAM=0.1412  ERGAS=6.3992  CC=0.9318  SSIM=0.8695  n_params=1,250,758

[Individual 9/10]
  pan_ch=50 (raw=50)  ms_ch=60 (raw=62)  head_ch=10  dropout=0.088  lr=8.74e-04

[train_and_evaluate] Params: {'pan_target_channel': 50, 'ms_target_channel': 60, 'head_channel':
  Device: cuda
  Loading data (train+val split from train_path)...
  [load_dataset] ../datav1/valid_wv3.h5
    pan: (1080, 1, 64, 64)  ms: (1080, 8, 16, 16)  lms: (1080, 8, 64, 64)  gt: (1080, 8, 64, 64)
  Split: 864 train  /  216 val  (total 1080)
  Model parameters: 1,726,098
  Training: 5 epochs, 108 batches/epoch
  Epoch [1/5]  avg_loss=0.038076
  Epoch [2/5]  avg_loss=0.021672
  Epoch [3/5]  avg_loss=0.018334
  Epoch [4/5]  avg_loss=0.016339
  Epoch [5/5]  avg_loss=0.015464
  Evaluating on val split: 27 batches
  Metrics: SAM=0.0920  ERGAS=3.9177  CC=0.9731  SSIM=0.9615  SF=0.0885  SD=0.0038  n_params=1,726
  -> objectives: SAM=0.0920  ERGAS=3.9177  CC=0.9731  SSIM=0.9615  n_params=1,726,098

[Individual 10/10]
  pan_ch=39 (raw=40)  ms_ch=13 (raw=17)  head_ch=13  dropout=0.147  lr=1.05e-04

[train_and_evaluate] Params: {'pan_target_channel': 39, 'ms_target_channel': 13, 'head_channel':
  Device: cuda
  Loading data (train+val split from train_path)...
  [load_dataset] ../datav1/valid_wv3.h5
    pan: (1080, 1, 64, 64)  ms: (1080, 8, 16, 16)  lms: (1080, 8, 64, 64)  gt: (1080, 8, 64, 64)
  Split: 864 train  /  216 val  (total 1080)
  Model parameters: 174,444
  Training: 5 epochs, 108 batches/epoch
  Epoch [1/5]  avg_loss=0.068157
  Epoch [2/5]  avg_loss=0.044598
  Epoch [3/5]  avg_loss=0.039485
  Epoch [4/5]  avg_loss=0.034345
  Epoch [5/5]  avg_loss=0.030483
  Evaluating on val split: 27 batches
  Metrics: SAM=0.1709  ERGAS=7.5985  CC=0.9094  SSIM=0.7980  SF=0.0963  SD=0.0066  n_params=174,4
  -> objectives: SAM=0.1709  ERGAS=7.5985  CC=0.9094  SSIM=0.7980  n_params=174,444
     9 |       90 |     10 |  0.0168545506 |         ideal

============================================================
[NSGA-2] Evaluating 10 individual(s)
============================================================

[Individual 1/10]
  pan_ch=50 (raw=50)  ms_ch=60 (raw=62)  head_ch=10  dropout=0.088  lr=8.74e-04

[train_and_evaluate] Params: {'pan_target_channel': 50, 'ms_target_channel': 60, 'head_channel':
  Device: cuda
  Loading data (train+val split from train_path)...
  [load_dataset] ../datav1/valid_wv3.h5
    pan: (1080, 1, 64, 64)  ms: (1080, 8, 16, 16)  lms: (1080, 8, 64, 64)  gt: (1080, 8, 64, 64)
  Split: 864 train  /  216 val  (total 1080)
  Model parameters: 1,726,098
  Training: 5 epochs, 108 batches/epoch
  Epoch [1/5]  avg_loss=0.039937
  Epoch [2/5]  avg_loss=0.022474
  Epoch [3/5]  avg_loss=0.018847
  Epoch [4/5]  avg_loss=0.016742
  Epoch [5/5]  avg_loss=0.016036
  Evaluating on val split: 27 batches
  Metrics: SAM=0.1012  ERGAS=4.6193  CC=0.9641  SSIM=0.9539  SF=0.0873  SD=0.0050  n_params=1,726
  -> objectives: SAM=0.1012  ERGAS=4.6193  CC=0.9641  SSIM=0.9539  n_params=1,726,098

[Individual 2/10]
  pan_ch=28 (raw=40)  ms_ch=14 (raw=18)  head_ch=14  dropout=0.147  lr=1.09e-04

[train_and_evaluate] Params: {'pan_target_channel': 28, 'ms_target_channel': 14, 'head_channel':
  Device: cuda
  Loading data (train+val split from train_path)...
  [load_dataset] ../datav1/valid_wv3.h5
    pan: (1080, 1, 64, 64)  ms: (1080, 8, 16, 16)  lms: (1080, 8, 64, 64)  gt: (1080, 8, 64, 64)
  Split: 864 train  /  216 val  (total 1080)
  Model parameters: 147,438
  Training: 5 epochs, 108 batches/epoch
  Epoch [1/5]  avg_loss=0.066779
  Epoch [2/5]  avg_loss=0.043871
  Epoch [3/5]  avg_loss=0.038416
  Epoch [4/5]  avg_loss=0.032873
  Epoch [5/5]  avg_loss=0.029178
  Evaluating on val split: 27 batches
  Metrics: SAM=0.1646  ERGAS=7.2050  CC=0.9175  SSIM=0.8237  SF=0.0947  SD=0.0069  n_params=147,4
  -> objectives: SAM=0.1646  ERGAS=7.2050  CC=0.9175  SSIM=0.8237  n_params=147,438

[Individual 3/10]
  pan_ch=40 (raw=40)  ms_ch=10 (raw=17)  head_ch=10  dropout=0.087  lr=8.44e-04

[train_and_evaluate] Params: {'pan_target_channel': 40, 'ms_target_channel': 10, 'head_channel':
  Device: cuda
  Loading data (train+val split from train_path)...
  [load_dataset] ../datav1/valid_wv3.h5
    pan: (1080, 1, 64, 64)  ms: (1080, 8, 16, 16)  lms: (1080, 8, 64, 64)  gt: (1080, 8, 64, 64)
  Split: 864 train  /  216 val  (total 1080)
  Model parameters: 147,778
  Training: 5 epochs, 108 batches/epoch
  Epoch [1/5]  avg_loss=0.044735
  Epoch [2/5]  avg_loss=0.025147
  Epoch [3/5]  avg_loss=0.021646
  Epoch [4/5]  avg_loss=0.020080
  Epoch [5/5]  avg_loss=0.019273
  Evaluating on val split: 27 batches
  Metrics: SAM=0.1088  ERGAS=5.1889  CC=0.9556  SSIM=0.9489  SF=0.0919  SD=0.0050  n_params=147,7
  -> objectives: SAM=0.1088  ERGAS=5.1889  CC=0.9556  SSIM=0.9489  n_params=147,778

[Individual 4/10]
  pan_ch=50 (raw=52)  ms_ch=40 (raw=42)  head_ch=10  dropout=0.286  lr=9.36e-04

[train_and_evaluate] Params: {'pan_target_channel': 50, 'ms_target_channel': 40, 'head_channel':
  Device: cuda
  Loading data (train+val split from train_path)...
  [load_dataset] ../datav1/valid_wv3.h5
    pan: (1080, 1, 64, 64)  ms: (1080, 8, 16, 16)  lms: (1080, 8, 64, 64)  gt: (1080, 8, 64, 64)
  Split: 864 train  /  216 val  (total 1080)
  Model parameters: 860,118
  Training: 5 epochs, 108 batches/epoch
  Epoch [1/5]  avg_loss=0.036603
  Epoch [2/5]  avg_loss=0.022218
  Epoch [3/5]  avg_loss=0.019065
  Epoch [4/5]  avg_loss=0.017153
  Epoch [5/5]  avg_loss=0.016409
  Evaluating on val split: 27 batches
  Metrics: SAM=0.0977  ERGAS=4.1707  CC=0.9690  SSIM=0.9594  SF=0.0868  SD=0.0038  n_params=860,1
  -> objectives: SAM=0.0977  ERGAS=4.1707  CC=0.9690  SSIM=0.9594  n_params=860,118

[Individual 5/10]
  pan_ch=44 (raw=50)  ms_ch=55 (raw=62)  head_ch=11  dropout=0.087  lr=8.47e-04

[train_and_evaluate] Params: {'pan_target_channel': 44, 'ms_target_channel': 55, 'head_channel':
  Device: cuda
  Loading data (train+val split from train_path)...
  [load_dataset] ../datav1/valid_wv3.h5
    pan: (1080, 1, 64, 64)  ms: (1080, 8, 16, 16)  lms: (1080, 8, 64, 64)  gt: (1080, 8, 64, 64)
  Split: 864 train  /  216 val  (total 1080)
  Model parameters: 1,441,980
  Training: 5 epochs, 108 batches/epoch
  Epoch [1/5]  avg_loss=0.039740
  Epoch [2/5]  avg_loss=0.022736
  Epoch [3/5]  avg_loss=0.019138
  Epoch [4/5]  avg_loss=0.017168
  Epoch [5/5]  avg_loss=0.016152
  Evaluating on val split: 27 batches
  Metrics: SAM=0.0971  ERGAS=4.1985  CC=0.9694  SSIM=0.9576  SF=0.0851  SD=0.0039  n_params=1,441
  -> objectives: SAM=0.0971  ERGAS=4.1985  CC=0.9694  SSIM=0.9576  n_params=1,441,980

[Individual 6/10]
  pan_ch=50 (raw=52)  ms_ch=30 (raw=39)  head_ch=10  dropout=0.282  lr=9.36e-04

[train_and_evaluate] Params: {'pan_target_channel': 50, 'ms_target_channel': 30, 'head_channel':
  Device: cuda
  Loading data (train+val split from train_path)...
  [load_dataset] ../datav1/valid_wv3.h5
    pan: (1080, 1, 64, 64)  ms: (1080, 8, 16, 16)  lms: (1080, 8, 64, 64)  gt: (1080, 8, 64, 64)
  Split: 864 train  /  216 val  (total 1080)
  Model parameters: 554,178
  Training: 5 epochs, 108 batches/epoch
  Epoch [1/5]  avg_loss=0.040187
  Epoch [2/5]  avg_loss=0.022713
  Epoch [3/5]  avg_loss=0.019062
  Epoch [4/5]  avg_loss=0.017324
  Epoch [5/5]  avg_loss=0.016327
  Evaluating on val split: 27 batches
  Metrics: SAM=0.0978  ERGAS=4.4062  CC=0.9682  SSIM=0.9572  SF=0.0876  SD=0.0041  n_params=554,1
  -> objectives: SAM=0.0978  ERGAS=4.4062  CC=0.9682  SSIM=0.9572  n_params=554,178

[Individual 7/10]
  pan_ch=44 (raw=49)  ms_ch=55 (raw=63)  head_ch=11  dropout=0.147  lr=1.13e-04

[train_and_evaluate] Params: {'pan_target_channel': 44, 'ms_target_channel': 55, 'head_channel':
  Device: cuda
  Loading data (train+val split from train_path)...
  [load_dataset] ../datav1/valid_wv3.h5
    pan: (1080, 1, 64, 64)  ms: (1080, 8, 16, 16)  lms: (1080, 8, 64, 64)  gt: (1080, 8, 64, 64)
  Split: 864 train  /  216 val  (total 1080)
  Model parameters: 1,441,980
  Training: 5 epochs, 108 batches/epoch
  Epoch [1/5]  avg_loss=0.061606
  Epoch [2/5]  avg_loss=0.040832
  Epoch [3/5]  avg_loss=0.035440
  Epoch [4/5]  avg_loss=0.030771
  Epoch [5/5]  avg_loss=0.027473
  Evaluating on val split: 27 batches
  Metrics: SAM=0.1496  ERGAS=6.8286  CC=0.9212  SSIM=0.8399  SF=0.0875  SD=0.0096  n_params=1,441
  -> objectives: SAM=0.1496  ERGAS=6.8286  CC=0.9212  SSIM=0.8399  n_params=1,441,980

[Individual 8/10]
  pan_ch=50 (raw=50)  ms_ch=60 (raw=62)  head_ch=10  dropout=0.113  lr=8.63e-04

[train_and_evaluate] Params: {'pan_target_channel': 50, 'ms_target_channel': 60, 'head_channel':
  Device: cuda
  Loading data (train+val split from train_path)...
  [load_dataset] ../datav1/valid_wv3.h5
    pan: (1080, 1, 64, 64)  ms: (1080, 8, 16, 16)  lms: (1080, 8, 64, 64)  gt: (1080, 8, 64, 64)
  Split: 864 train  /  216 val  (total 1080)
  Model parameters: 1,726,098
  Training: 5 epochs, 108 batches/epoch
  Epoch [1/5]  avg_loss=0.038548
  Epoch [2/5]  avg_loss=0.021813
  Epoch [3/5]  avg_loss=0.018287
  Epoch [4/5]  avg_loss=0.016676
  Epoch [5/5]  avg_loss=0.015701
  Evaluating on val split: 27 batches
  Metrics: SAM=0.0937  ERGAS=4.2057  CC=0.9710  SSIM=0.9595  SF=0.0859  SD=0.0045  n_params=1,726
  -> objectives: SAM=0.0937  ERGAS=4.2057  CC=0.9710  SSIM=0.9595  n_params=1,726,098

[Individual 9/10]
  pan_ch=44 (raw=50)  ms_ch=55 (raw=62)  head_ch=11  dropout=0.087  lr=8.44e-04

[train_and_evaluate] Params: {'pan_target_channel': 44, 'ms_target_channel': 55, 'head_channel':
  Device: cuda
  Loading data (train+val split from train_path)...
  [load_dataset] ../datav1/valid_wv3.h5
    pan: (1080, 1, 64, 64)  ms: (1080, 8, 16, 16)  lms: (1080, 8, 64, 64)  gt: (1080, 8, 64, 64)
  Split: 864 train  /  216 val  (total 1080)
  Model parameters: 1,441,980
  Training: 5 epochs, 108 batches/epoch
  Epoch [1/5]  avg_loss=0.038473
  Epoch [2/5]  avg_loss=0.022325
  Epoch [3/5]  avg_loss=0.018678
  Epoch [4/5]  avg_loss=0.017248
  Epoch [5/5]  avg_loss=0.016090
  Evaluating on val split: 27 batches
  Metrics: SAM=0.0959  ERGAS=4.1855  CC=0.9706  SSIM=0.9589  SF=0.0869  SD=0.0047  n_params=1,441
  -> objectives: SAM=0.0959  ERGAS=4.1855  CC=0.9706  SSIM=0.9589  n_params=1,441,980

[Individual 10/10]
  pan_ch=50 (raw=51)  ms_ch=50 (raw=57)  head_ch=10  dropout=0.089  lr=1.44e-04

[train_and_evaluate] Params: {'pan_target_channel': 50, 'ms_target_channel': 50, 'head_channel':
  Device: cuda
  Loading data (train+val split from train_path)...
  [load_dataset] ../datav1/valid_wv3.h5
    pan: (1080, 1, 64, 64)  ms: (1080, 8, 16, 16)  lms: (1080, 8, 64, 64)  gt: (1080, 8, 64, 64)
  Split: 864 train  /  216 val  (total 1080)
  Model parameters: 1,250,758
  Training: 5 epochs, 108 batches/epoch
  Epoch [1/5]  avg_loss=0.058050
  Epoch [2/5]  avg_loss=0.038355
  Epoch [3/5]  avg_loss=0.031223
  Epoch [4/5]  avg_loss=0.026938
  Epoch [5/5]  avg_loss=0.024803
  Evaluating on val split: 27 batches
  Metrics: SAM=0.1372  ERGAS=6.2469  CC=0.9347  SSIM=0.8776  SF=0.0910  SD=0.0080  n_params=1,250
  -> objectives: SAM=0.1372  ERGAS=6.2469  CC=0.9347  SSIM=0.8776  n_params=1,250,758
    10 |      100 |     10 |  0.2794465795 |         nadir

[run_nsga2] Optimisation complete
  Pareto front size: 10